{"meta": {"format": 3, "version": "7.14.1", "timestamp": "2026-06-10T09:36:13.932936", "branch_coverage": false, "show_contexts": false}, "files": {"components\\__init__.py": {"executed_lines": [6, 8], "summary": {"covered_lines": 2, "num_statements": 2, "percent_covered": 100.0, "percent_covered_display": "100", "missing_lines": 0, "excluded_lines": 0, "percent_statements_covered": 100.0, "percent_statements_covered_display": "100"}, "missing_lines": [], "excluded_lines": [], "functions": {"": {"executed_lines": [6, 8], "summary": {"covered_lines": 2, "num_statements": 2, "percent_covered": 100.0, "percent_covered_display": "100", "missing_lines": 0, "excluded_lines": 0, "percent_statements_covered": 100.0, "percent_statements_covered_display": "100"}, "missing_lines": [], "excluded_lines": [], "start_line": 1}}, "classes": {"": {"executed_lines": [6, 8], "summary": {"covered_lines": 2, "num_statements": 2, "percent_covered": 100.0, "percent_covered_display": "100", "missing_lines": 0, "excluded_lines": 0, "percent_statements_covered": 100.0, "percent_statements_covered_display": "100"}, "missing_lines": [], "excluded_lines": [], "start_line": 1}}}, "components\\ui.py": {"executed_lines": [10, 13, 23, 26, 46, 47, 48, 49], "summary": {"covered_lines": 8, "num_statements": 8, "percent_covered": 100.0, "percent_covered_display": "100", "missing_lines": 0, "excluded_lines": 0, "percent_statements_covered": 100.0, "percent_statements_covered_display": "100"}, "missing_lines": [], "excluded_lines": [], "functions": {"render_chart": {"executed_lines": [23], "summary": {"covered_lines": 1, "num_statements": 1, "percent_covered": 100.0, "percent_covered_display": "100", "missing_lines": 0, "excluded_lines": 0, "percent_statements_covered": 100.0, "percent_statements_covered_display": "100"}, "missing_lines": [], "excluded_lines": [], "start_line": 13}, "render_empty_state": {"executed_lines": [46, 47, 48, 49], "summary": {"covered_lines": 4, "num_statements": 4, "percent_covered": 100.0, "percent_covered_display": "100", "missing_lines": 0, "excluded_lines": 0, "percent_statements_covered": 100.0, "percent_statements_covered_display": "100"}, "missing_lines": [], "excluded_lines": [], "start_line": 26}, "": {"executed_lines": [10, 13, 26], "summary": {"covered_lines": 3, "num_statements": 3, "percent_covered": 100.0, "percent_covered_display": "100", "missing_lines": 0, "excluded_lines": 0, "percent_statements_covered": 100.0, "percent_statements_covered_display": "100"}, "missing_lines": [], "excluded_lines": [], "start_line": 1}}, "classes": {"": {"executed_lines": [10, 13, 23, 26, 46, 47, 48, 49], "summary": {"covered_lines": 8, "num_statements": 8, "percent_covered": 100.0, "percent_covered_display": "100", "missing_lines": 0, "excluded_lines": 0, "percent_statements_covered": 100.0, "percent_statements_covered_display": "100"}, "missing_lines": [], "excluded_lines": [], "start_line": 1}}}, "config\\__init__.py": {"executed_lines": [], "summary": {"covered_lines": 0, "num_statements": 0, "percent_covered": 100.0, "percent_covered_display": "100", "missing_lines": 0, "excluded_lines": 0, "percent_statements_covered": 100.0, "percent_statements_covered_display": "100"}, "missing_lines": [], "excluded_lines": [], "functions": {"": {"executed_lines": [], "summary": {"covered_lines": 0, "num_statements": 0, "percent_covered": 100.0, "percent_covered_display": "100", "missing_lines": 0, "excluded_lines": 0, "percent_statements_covered": 100.0, "percent_statements_covered_display": "100"}, "missing_lines": [], "excluded_lines": [], "start_line": 1}}, "classes": {"": {"executed_lines": [], "summary": {"covered_lines": 0, "num_statements": 0, "percent_covered": 100.0, "percent_covered_display": "100", "missing_lines": 0, "excluded_lines": 0, "percent_statements_covered": 100.0, "percent_statements_covered_display": "100"}, "missing_lines": [], "excluded_lines": [], "start_line": 1}}}, "config\\settings.py": {"executed_lines": [6, 7, 10, 12, 13, 14, 15, 16, 17, 18, 19, 20, 21, 22, 23, 24, 26, 28, 33, 34, 37, 38, 39, 40, 43, 46, 49, 50, 54, 56, 57, 60, 61, 62, 63, 64, 65, 68, 69, 70, 73, 78, 79, 81, 82, 83, 87, 88, 91, 122, 123, 124, 127, 141, 144, 163, 173, 195, 204, 212, 238, 277, 288, 323], "summary": {"covered_lines": 64, "num_statements": 67, "percent_covered": 95.5223880597015, "percent_covered_display": "96", "missing_lines": 3, "excluded_lines": 2, "percent_statements_covered": 95.5223880597015, "percent_statements_covered_display": "96"}, "missing_lines": [59, 67, 84], "excluded_lines": [182, 221], "functions": {"_load_env_file": {"executed_lines": [12, 13, 14, 15, 16, 17, 18, 19, 20, 21, 22, 23, 24], "summary": {"covered_lines": 13, "num_statements": 13, "percent_covered": 100.0, "percent_covered_display": "100", "missing_lines": 0, "excluded_lines": 0, "percent_statements_covered": 100.0, "percent_statements_covered_display": "100"}, "missing_lines": [], "excluded_lines": [], "start_line": 10}, "env": {"executed_lines": [28], "summary": {"covered_lines": 1, "num_statements": 1, "percent_covered": 100.0, "percent_covered_display": "100", "missing_lines": 0, "excluded_lines": 0, "percent_statements_covered": 100.0, "percent_statements_covered_display": "100"}, "missing_lines": [], "excluded_lines": [], "start_line": 26}, "_find_latest_position_file": {"executed_lines": [56, 57, 60, 61, 62, 63, 64, 65, 68, 69, 70], "summary": {"covered_lines": 11, "num_statements": 13, "percent_covered": 84.61538461538461, "percent_covered_display": "85", "missing_lines": 2, "excluded_lines": 0, "percent_statements_covered": 84.61538461538461, "percent_statements_covered_display": "85"}, "missing_lines": [59, 67], "excluded_lines": [], "start_line": 54}, "_extract_position_file_date": {"executed_lines": [78, 79, 81, 82, 83], "summary": {"covered_lines": 5, "num_statements": 6, "percent_covered": 83.33333333333333, "percent_covered_display": "83", "missing_lines": 1, "excluded_lines": 0, "percent_statements_covered": 83.33333333333333, "percent_statements_covered_display": "83"}, "missing_lines": [84], "excluded_lines": [], "start_line": 73}, "": {"executed_lines": [6, 7, 10, 26, 33, 34, 37, 38, 39, 40, 43, 46, 49, 50, 54, 73, 87, 88, 91, 122, 123, 124, 127, 141, 144, 163, 173, 195, 204, 212, 238, 277, 288, 323], "summary": {"covered_lines": 34, "num_statements": 34, "percent_covered": 100.0, "percent_covered_display": "100", "missing_lines": 0, "excluded_lines": 2, "percent_statements_covered": 100.0, "percent_statements_covered_display": "100"}, "missing_lines": [], "excluded_lines": [182, 221], "start_line": 1}}, "classes": {"": {"executed_lines": [6, 7, 10, 12, 13, 14, 15, 16, 17, 18, 19, 20, 21, 22, 23, 24, 26, 28, 33, 34, 37, 38, 39, 40, 43, 46, 49, 50, 54, 56, 57, 60, 61, 62, 63, 64, 65, 68, 69, 70, 73, 78, 79, 81, 82, 83, 87, 88, 91, 122, 123, 124, 127, 141, 144, 163, 173, 195, 204, 212, 238, 277, 288, 323], "summary": {"covered_lines": 64, "num_statements": 67, "percent_covered": 95.5223880597015, "percent_covered_display": "96", "missing_lines": 3, "excluded_lines": 2, "percent_statements_covered": 95.5223880597015, "percent_statements_covered_display": "96"}, "missing_lines": [59, 67, 84], "excluded_lines": [182, 221], "start_line": 1}}}, "dashboard.py": {"executed_lines": [13, 14, 15, 16, 18, 19, 20, 21, 22, 23, 24, 26, 28, 29, 39, 41, 44, 50, 160, 182, 185, 188, 191, 194, 197, 200, 203, 206, 211, 214, 218, 222, 225, 456, 460, 466, 469, 472, 475, 478, 487, 496, 509, 521, 522, 523, 524, 525, 526, 529, 531, 534, 536, 538, 540, 541, 542, 543, 544, 545, 546, 547, 548, 549, 550, 551, 552, 559, 561, 562, 563, 564, 565, 566, 567, 568, 569, 571, 572, 574, 575, 576, 577, 578, 579, 581, 582, 583, 584, 585, 586, 587, 588, 589, 590, 591, 592, 594, 595, 596, 597, 598, 600, 601, 602, 603, 604, 605, 606, 608, 609, 610, 611, 614, 622, 623, 628, 629, 630, 631, 633, 635, 636, 638, 641, 642, 643, 644, 645, 646, 647, 648, 649, 652, 654, 656, 657, 658, 659, 660, 661, 664, 665, 666, 667, 668, 669, 670, 671, 672, 673, 676, 677, 678, 681, 682, 683, 685, 686, 689, 690, 693, 694, 695, 696, 698, 700, 701, 702, 703, 705, 707, 708, 709, 715, 726, 848, 851, 854, 932, 994, 1048], "summary": {"covered_lines": 182, "num_statements": 507, "percent_covered": 35.8974358974359, "percent_covered_display": "36", "missing_lines": 325, "excluded_lines": 2, "percent_statements_covered": 35.8974358974359, "percent_statements_covered_display": "36"}, "missing_lines": [61, 63, 64, 67, 68, 70, 71, 73, 74, 76, 77, 80, 81, 82, 84, 85, 88, 89, 90, 91, 92, 94, 96, 97, 100, 106, 108, 121, 136, 147, 162, 163, 164, 167, 168, 169, 170, 171, 172, 175, 176, 227, 228, 231, 232, 235, 236, 237, 238, 239, 240, 242, 244, 245, 246, 247, 248, 249, 250, 251, 253, 254, 255, 256, 258, 259, 260, 261, 262, 263, 264, 265, 268, 269, 271, 272, 276, 279, 280, 281, 283, 285, 286, 300, 301, 311, 313, 323, 325, 326, 330, 331, 333, 339, 342, 364, 365, 375, 376, 377, 378, 379, 391, 394, 395, 397, 398, 402, 403, 405, 406, 407, 408, 409, 410, 411, 412, 414, 415, 424, 425, 426, 430, 431, 432, 442, 443, 453, 481, 482, 483, 484, 489, 490, 491, 492, 498, 499, 500, 501, 502, 570, 573, 580, 593, 599, 607, 632, 634, 650, 674, 675, 679, 680, 684, 687, 688, 697, 699, 704, 728, 730, 731, 733, 734, 735, 736, 738, 739, 740, 741, 742, 743, 745, 746, 747, 749, 750, 753, 754, 755, 756, 770, 771, 772, 773, 774, 775, 776, 777, 778, 779, 790, 792, 845, 856, 857, 858, 859, 860, 861, 862, 863, 864, 865, 867, 868, 869, 870, 871, 874, 875, 876, 883, 884, 885, 893, 894, 895, 903, 904, 905, 912, 913, 914, 921, 922, 923, 936, 937, 938, 945, 946, 947, 955, 956, 957, 965, 966, 967, 974, 975, 976, 983, 984, 985, 997, 998, 999, 1000, 1001, 1002, 1003, 1006, 1007, 1008, 1011, 1012, 1013, 1014, 1015, 1016, 1017, 1018, 1021, 1022, 1023, 1024, 1025, 1026, 1027, 1028, 1029, 1030, 1031, 1036, 1050, 1051, 1052, 1053, 1056, 1059, 1060, 1061, 1062, 1064, 1065, 1066, 1067, 1069, 1070, 1071, 1074, 1075, 1076, 1077, 1078, 1079, 1080, 1081, 1082, 1083, 1085, 1088, 1089, 1090, 1091, 1092, 1093, 1094, 1095, 1096, 1098, 1099, 1100, 1101, 1102, 1104, 1109, 1125, 1127, 1128, 1129, 1130, 1131], "excluded_lines": [1133, 1134], "functions": {"_add_min_max_annotations": {"executed_lines": [], "summary": {"covered_lines": 0, "num_statements": 25, "percent_covered": 0.0, "percent_covered_display": "0", "missing_lines": 25, "excluded_lines": 0, "percent_statements_covered": 0.0, "percent_statements_covered_display": "0"}, "missing_lines": [61, 63, 64, 67, 68, 70, 71, 73, 74, 76, 77, 80, 81, 82, 84, 85, 88, 96, 97, 100, 106, 108, 121, 136, 147], "excluded_lines": [], "start_line": 50}, "_add_min_max_annotations.fmt_val": {"executed_lines": [], "summary": {"covered_lines": 0, "num_statements": 5, "percent_covered": 0.0, "percent_covered_display": "0", "missing_lines": 5, "excluded_lines": 0, "percent_statements_covered": 0.0, "percent_statements_covered_display": "0"}, "missing_lines": [89, 90, 91, 92, 94], "excluded_lines": [], "start_line": 88}, "downsample": {"executed_lines": [], "summary": {"covered_lines": 0, "num_statements": 11, "percent_covered": 0.0, "percent_covered_display": "0", "missing_lines": 11, "excluded_lines": 0, "percent_statements_covered": 0.0, "percent_statements_covered_display": "0"}, "missing_lines": [162, 163, 164, 167, 168, 169, 170, 171, 172, 175, 176], "excluded_lines": [], "start_line": 160}, "_render_etf_detail_panel": {"executed_lines": [], "summary": {"covered_lines": 0, "num_statements": 87, "percent_covered": 0.0, "percent_covered_display": "0", "missing_lines": 87, "excluded_lines": 0, "percent_statements_covered": 0.0, "percent_statements_covered_display": "0"}, "missing_lines": [227, 228, 231, 232, 235, 236, 237, 238, 239, 240, 242, 244, 245, 246, 247, 248, 249, 250, 251, 253, 254, 255, 256, 258, 259, 260, 261, 262, 263, 264, 265, 268, 269, 271, 272, 276, 279, 280, 281, 283, 285, 286, 300, 301, 311, 313, 323, 325, 326, 330, 331, 333, 339, 342, 364, 365, 375, 376, 377, 378, 379, 391, 394, 395, 397, 398, 402, 403, 405, 406, 407, 408, 409, 410, 411, 412, 414, 415, 424, 425, 426, 430, 431, 432, 442, 443, 453], "excluded_lines": [], "start_line": 225}, "export_positions_csv": {"executed_lines": [], "summary": {"covered_lines": 0, "num_statements": 4, "percent_covered": 0.0, "percent_covered_display": "0", "missing_lines": 4, "excluded_lines": 0, "percent_statements_covered": 0.0, "percent_statements_covered_display": "0"}, "missing_lines": [481, 482, 483, 484], "excluded_lines": [], "start_line": 478}, "export_summary_csv": {"executed_lines": [], "summary": {"covered_lines": 0, "num_statements": 4, "percent_covered": 0.0, "percent_covered_display": "0", "missing_lines": 4, "excluded_lines": 0, "percent_statements_covered": 0.0, "percent_statements_covered_display": "0"}, "missing_lines": [489, 490, 491, 492], "excluded_lines": [], "start_line": 487}, "format_value": {"executed_lines": [], "summary": {"covered_lines": 0, "num_statements": 5, "percent_covered": 0.0, "percent_covered_display": "0", "missing_lines": 5, "excluded_lines": 0, "percent_statements_covered": 0.0, "percent_statements_covered_display": "0"}, "missing_lines": [498, 499, 500, 501, 502], "excluded_lines": [], "start_line": 496}, "get_indicator_color": {"executed_lines": [521, 522, 523, 524, 525, 526], "summary": {"covered_lines": 6, "num_statements": 6, "percent_covered": 100.0, "percent_covered_display": "100", "missing_lines": 0, "excluded_lines": 0, "percent_statements_covered": 100.0, "percent_statements_covered_display": "100"}, "missing_lines": [], "excluded_lines": [], "start_line": 509}, "get_risk_color": {"executed_lines": [531], "summary": {"covered_lines": 1, "num_statements": 1, "percent_covered": 100.0, "percent_covered_display": "100", "missing_lines": 0, "excluded_lines": 0, "percent_statements_covered": 100.0, "percent_statements_covered_display": "100"}, "missing_lines": [], "excluded_lines": [], "start_line": 529}, "get_risk_label": {"executed_lines": [536], "summary": {"covered_lines": 1, "num_statements": 1, "percent_covered": 100.0, "percent_covered_display": "100", "missing_lines": 0, "excluded_lines": 0, "percent_statements_covered": 100.0, "percent_statements_covered_display": "100"}, "missing_lines": [], "excluded_lines": [], "start_line": 534}, "compute_risk_score": {"executed_lines": [540, 541, 542, 543, 544, 545, 546, 547, 548, 549, 550, 551, 552], "summary": {"covered_lines": 13, "num_statements": 13, "percent_covered": 100.0, "percent_covered_display": "100", "missing_lines": 0, "excluded_lines": 0, "percent_statements_covered": 100.0, "percent_statements_covered_display": "100"}, "missing_lines": [], "excluded_lines": [], "start_line": 538}, "get_warnings": {"executed_lines": [561, 562, 563, 564, 565, 566, 567, 568, 569, 571, 572, 574, 575, 576, 577, 578, 579, 581, 582, 583, 584, 585, 586, 587, 588, 589, 590, 591, 592, 594, 595, 596, 597, 598, 600, 601, 602, 603, 604, 605, 606, 608, 609, 610, 611], "summary": {"covered_lines": 45, "num_statements": 51, "percent_covered": 88.23529411764706, "percent_covered_display": "88", "missing_lines": 6, "excluded_lines": 0, "percent_statements_covered": 88.23529411764706, "percent_statements_covered_display": "88"}, "missing_lines": [570, 573, 580, 593, 599, 607], "excluded_lines": [], "start_line": 559}, "compute_comprehensive_score": {"executed_lines": [622, 623, 628, 629, 630, 631, 633, 635, 636, 638, 641, 642, 643, 644, 645, 646, 647, 648, 649, 652, 654, 656, 657, 658, 659, 660, 661, 664, 665, 666, 667, 668, 669, 670, 671, 672, 673, 676, 677, 678, 681, 682, 683, 685, 686, 689, 690, 693, 694, 695, 696, 698, 700, 701, 702, 703, 705, 707, 708, 709, 715], "summary": {"covered_lines": 61, "num_statements": 74, "percent_covered": 82.43243243243244, "percent_covered_display": "82", "missing_lines": 13, "excluded_lines": 0, "percent_statements_covered": 82.43243243243244, "percent_statements_covered_display": "82"}, "missing_lines": [632, 634, 650, 674, 675, 679, 680, 684, 687, 688, 697, 699, 704], "excluded_lines": [], "start_line": 614}, "_generate_oneclick_report": {"executed_lines": [], "summary": {"covered_lines": 0, "num_statements": 35, "percent_covered": 0.0, "percent_covered_display": "0", "missing_lines": 35, "excluded_lines": 0, "percent_statements_covered": 0.0, "percent_statements_covered_display": "0"}, "missing_lines": [728, 730, 731, 733, 734, 735, 736, 738, 739, 740, 741, 742, 743, 745, 746, 747, 749, 750, 753, 754, 755, 756, 770, 771, 772, 773, 774, 775, 776, 777, 778, 779, 790, 792, 845], "excluded_lines": [], "start_line": 726}, "_render_overview": {"executed_lines": [], "summary": {"covered_lines": 0, "num_statements": 33, "percent_covered": 0.0, "percent_covered_display": "0", "missing_lines": 33, "excluded_lines": 0, "percent_statements_covered": 0.0, "percent_statements_covered_display": "0"}, "missing_lines": [856, 857, 858, 859, 860, 861, 862, 863, 864, 865, 867, 868, 869, 870, 871, 874, 875, 876, 883, 884, 885, 893, 894, 895, 903, 904, 905, 912, 913, 914, 921, 922, 923], "excluded_lines": [], "start_line": 854}, "_render_overview_cards": {"executed_lines": [], "summary": {"covered_lines": 0, "num_statements": 18, "percent_covered": 0.0, "percent_covered_display": "0", "missing_lines": 18, "excluded_lines": 0, "percent_statements_covered": 0.0, "percent_statements_covered_display": "0"}, "missing_lines": [936, 937, 938, 945, 946, 947, 955, 956, 957, 965, 966, 967, 974, 975, 976, 983, 984, 985], "excluded_lines": [], "start_line": 932}, "_render_quick_stats": {"executed_lines": [], "summary": {"covered_lines": 0, "num_statements": 30, "percent_covered": 0.0, "percent_covered_display": "0", "missing_lines": 30, "excluded_lines": 0, "percent_statements_covered": 0.0, "percent_statements_covered_display": "0"}, "missing_lines": [997, 998, 999, 1000, 1001, 1002, 1003, 1006, 1007, 1008, 1011, 1012, 1013, 1014, 1015, 1016, 1017, 1018, 1021, 1022, 1023, 1024, 1025, 1026, 1027, 1028, 1029, 1030, 1031, 1036], "excluded_lines": [], "start_line": 994}, "main": {"executed_lines": [], "summary": {"covered_lines": 0, "num_statements": 49, "percent_covered": 0.0, "percent_covered_display": "0", "missing_lines": 49, "excluded_lines": 0, "percent_statements_covered": 0.0, "percent_statements_covered_display": "0"}, "missing_lines": [1050, 1051, 1052, 1053, 1056, 1059, 1060, 1061, 1062, 1064, 1065, 1066, 1067, 1069, 1070, 1071, 1074, 1075, 1076, 1077, 1078, 1079, 1080, 1081, 1082, 1083, 1085, 1088, 1089, 1090, 1091, 1092, 1093, 1094, 1095, 1096, 1098, 1099, 1100, 1101, 1102, 1104, 1109, 1125, 1127, 1128, 1129, 1130, 1131], "excluded_lines": [], "start_line": 1048}, "": {"executed_lines": [13, 14, 15, 16, 18, 19, 20, 21, 22, 23, 24, 26, 28, 29, 39, 41, 44, 50, 160, 182, 185, 188, 191, 194, 197, 200, 203, 206, 211, 214, 218, 222, 225, 456, 460, 466, 469, 472, 475, 478, 487, 496, 509, 529, 534, 538, 559, 614, 726, 848, 851, 854, 932, 994, 1048], "summary": {"covered_lines": 55, "num_statements": 55, "percent_covered": 100.0, "percent_covered_display": "100", "missing_lines": 0, "excluded_lines": 2, "percent_statements_covered": 100.0, "percent_statements_covered_display": "100"}, "missing_lines": [], "excluded_lines": [1133, 1134], "start_line": 1}}, "classes": {"": {"executed_lines": [13, 14, 15, 16, 18, 19, 20, 21, 22, 23, 24, 26, 28, 29, 39, 41, 44, 50, 160, 182, 185, 188, 191, 194, 197, 200, 203, 206, 211, 214, 218, 222, 225, 456, 460, 466, 469, 472, 475, 478, 487, 496, 509, 521, 522, 523, 524, 525, 526, 529, 531, 534, 536, 538, 540, 541, 542, 543, 544, 545, 546, 547, 548, 549, 550, 551, 552, 559, 561, 562, 563, 564, 565, 566, 567, 568, 569, 571, 572, 574, 575, 576, 577, 578, 579, 581, 582, 583, 584, 585, 586, 587, 588, 589, 590, 591, 592, 594, 595, 596, 597, 598, 600, 601, 602, 603, 604, 605, 606, 608, 609, 610, 611, 614, 622, 623, 628, 629, 630, 631, 633, 635, 636, 638, 641, 642, 643, 644, 645, 646, 647, 648, 649, 652, 654, 656, 657, 658, 659, 660, 661, 664, 665, 666, 667, 668, 669, 670, 671, 672, 673, 676, 677, 678, 681, 682, 683, 685, 686, 689, 690, 693, 694, 695, 696, 698, 700, 701, 702, 703, 705, 707, 708, 709, 715, 726, 848, 851, 854, 932, 994, 1048], "summary": {"covered_lines": 182, "num_statements": 507, "percent_covered": 35.8974358974359, "percent_covered_display": "36", "missing_lines": 325, "excluded_lines": 2, "percent_statements_covered": 35.8974358974359, "percent_statements_covered_display": "36"}, "missing_lines": [61, 63, 64, 67, 68, 70, 71, 73, 74, 76, 77, 80, 81, 82, 84, 85, 88, 89, 90, 91, 92, 94, 96, 97, 100, 106, 108, 121, 136, 147, 162, 163, 164, 167, 168, 169, 170, 171, 172, 175, 176, 227, 228, 231, 232, 235, 236, 237, 238, 239, 240, 242, 244, 245, 246, 247, 248, 249, 250, 251, 253, 254, 255, 256, 258, 259, 260, 261, 262, 263, 264, 265, 268, 269, 271, 272, 276, 279, 280, 281, 283, 285, 286, 300, 301, 311, 313, 323, 325, 326, 330, 331, 333, 339, 342, 364, 365, 375, 376, 377, 378, 379, 391, 394, 395, 397, 398, 402, 403, 405, 406, 407, 408, 409, 410, 411, 412, 414, 415, 424, 425, 426, 430, 431, 432, 442, 443, 453, 481, 482, 483, 484, 489, 490, 491, 492, 498, 499, 500, 501, 502, 570, 573, 580, 593, 599, 607, 632, 634, 650, 674, 675, 679, 680, 684, 687, 688, 697, 699, 704, 728, 730, 731, 733, 734, 735, 736, 738, 739, 740, 741, 742, 743, 745, 746, 747, 749, 750, 753, 754, 755, 756, 770, 771, 772, 773, 774, 775, 776, 777, 778, 779, 790, 792, 845, 856, 857, 858, 859, 860, 861, 862, 863, 864, 865, 867, 868, 869, 870, 871, 874, 875, 876, 883, 884, 885, 893, 894, 895, 903, 904, 905, 912, 913, 914, 921, 922, 923, 936, 937, 938, 945, 946, 947, 955, 956, 957, 965, 966, 967, 974, 975, 976, 983, 984, 985, 997, 998, 999, 1000, 1001, 1002, 1003, 1006, 1007, 1008, 1011, 1012, 1013, 1014, 1015, 1016, 1017, 1018, 1021, 1022, 1023, 1024, 1025, 1026, 1027, 1028, 1029, 1030, 1031, 1036, 1050, 1051, 1052, 1053, 1056, 1059, 1060, 1061, 1062, 1064, 1065, 1066, 1067, 1069, 1070, 1071, 1074, 1075, 1076, 1077, 1078, 1079, 1080, 1081, 1082, 1083, 1085, 1088, 1089, 1090, 1091, 1092, 1093, 1094, 1095, 1096, 1098, 1099, 1100, 1101, 1102, 1104, 1109, 1125, 1127, 1128, 1129, 1130, 1131], "excluded_lines": [1133, 1134], "start_line": 1}}}, "data_loader.py": {"executed_lines": [9, 10, 12, 13, 14, 16, 20, 22, 23, 31, 32, 33, 36, 37, 39, 46, 47, 49, 51, 52, 56, 61, 62, 63, 65, 67, 68, 72, 73, 74, 75, 76, 78, 101, 103, 104, 105, 111, 112, 113, 114, 115, 117, 119, 120, 121, 122, 123, 125, 133, 141, 143, 144, 145, 146, 147, 148, 149, 151, 152, 153, 154, 155, 157, 170, 173, 174, 175, 178, 179, 180, 185, 193, 194, 196, 197, 202, 204, 213, 214, 215, 216, 217, 219, 220, 221, 222, 224, 228, 229, 232, 233, 234, 235, 236, 239, 240, 241, 242, 243, 244, 245, 246, 247, 249, 252, 253, 254, 255, 256, 261, 262, 263, 266, 267, 268, 271, 272, 273, 274, 275, 276, 277, 278, 279, 280, 281, 286, 287, 289, 303, 305, 306, 307, 308, 309, 310, 311, 313, 314, 315, 317, 321, 322, 323, 325, 328, 329, 334, 335, 336, 337, 338, 340, 342, 343, 344, 345, 346, 348, 349, 351, 354, 355, 356, 357, 358, 360, 362, 363, 372, 377, 378, 379, 383, 384, 387, 390, 391, 392, 394, 398, 401, 404, 405, 406, 407, 410, 411, 414, 415, 416, 417, 421, 423, 490, 521, 523, 524, 533, 539, 540, 541, 542, 544, 546, 555, 557, 559, 560, 561, 562, 564, 565, 572, 576, 579, 581, 582, 585, 586, 587, 590, 591, 592, 594, 596, 621, 622, 623, 624, 626, 629, 633, 634, 635, 636, 638, 641, 643, 644, 647, 650, 651, 653, 655, 656, 658, 662, 663, 666, 667, 668, 669, 670, 672, 673, 675, 677, 678, 679, 682, 683, 684, 685, 687, 698, 714, 717, 723, 726, 728, 733, 744, 745, 748, 750, 752, 756, 757, 758, 759, 762, 763, 764, 765, 766, 769, 772, 773, 776, 777, 780, 781, 782, 783, 786, 787, 788, 791, 792, 795, 798, 799, 800, 801, 802, 803, 805, 806, 807, 810, 811, 812, 814, 815, 816, 817, 818, 820, 821, 823, 833, 843, 844, 855, 856, 862, 863, 865, 868, 870, 871, 872, 873, 875, 878, 879, 880, 881, 882, 885, 886, 888, 889, 890, 891, 893, 894, 897, 899, 900, 904, 905, 907, 908, 910, 911, 913, 928, 936, 951], "summary": {"covered_lines": 362, "num_statements": 476, "percent_covered": 76.05042016806723, "percent_covered_display": "76", "missing_lines": 114, "excluded_lines": 1, "percent_statements_covered": 76.05042016806723, "percent_statements_covered_display": "76"}, "missing_lines": [34, 53, 54, 69, 70, 80, 81, 82, 88, 90, 96, 97, 98, 99, 127, 128, 129, 130, 131, 135, 136, 137, 138, 139, 182, 183, 218, 223, 225, 258, 283, 347, 350, 352, 364, 370, 380, 395, 419, 425, 428, 429, 436, 438, 445, 447, 450, 451, 458, 460, 467, 469, 472, 475, 477, 480, 481, 482, 483, 484, 486, 488, 492, 493, 494, 500, 502, 508, 509, 510, 513, 514, 515, 516, 517, 519, 525, 531, 556, 563, 566, 567, 569, 570, 573, 627, 630, 639, 659, 724, 729, 730, 746, 753, 778, 866, 901, 909, 912, 938, 939, 940, 941, 949, 953, 954, 955, 956, 957, 958, 959, 961, 962, 966], "excluded_lines": [35], "functions": {"_ensure_indexes": {"executed_lines": [22, 23, 31, 32, 33, 36, 37], "summary": {"covered_lines": 7, "num_statements": 8, "percent_covered": 87.5, "percent_covered_display": "88", "missing_lines": 1, "excluded_lines": 1, "percent_statements_covered": 87.5, "percent_statements_covered_display": "88"}, "missing_lines": [34], "excluded_lines": [35], "start_line": 20}, "get_db_connection": {"executed_lines": [46, 47], "summary": {"covered_lines": 2, "num_statements": 2, "percent_covered": 100.0, "percent_covered_display": "100", "missing_lines": 0, "excluded_lines": 0, "percent_statements_covered": 100.0, "percent_statements_covered_display": "100"}, "missing_lines": [], "excluded_lines": [], "start_line": 39}, "load_positions": {"executed_lines": [51, 52, 56, 61, 62, 63], "summary": {"covered_lines": 6, "num_statements": 8, "percent_covered": 75.0, "percent_covered_display": "75", "missing_lines": 2, "excluded_lines": 0, "percent_statements_covered": 75.0, "percent_statements_covered_display": "75"}, "missing_lines": [53, 54], "excluded_lines": [], "start_line": 49}, "load_summary": {"executed_lines": [67, 68, 72, 73, 74, 75, 76], "summary": {"covered_lines": 7, "num_statements": 9, "percent_covered": 77.77777777777777, "percent_covered_display": "78", "missing_lines": 2, "excluded_lines": 0, "percent_statements_covered": 77.77777777777777, "percent_statements_covered_display": "78"}, "missing_lines": [69, 70], "excluded_lines": [], "start_line": 65}, "load_index_quotes": {"executed_lines": [], "summary": {"covered_lines": 0, "num_statements": 9, "percent_covered": 0.0, "percent_covered_display": "0", "missing_lines": 9, "excluded_lines": 0, "percent_statements_covered": 0.0, "percent_statements_covered_display": "0"}, "missing_lines": [80, 81, 82, 88, 90, 96, 97, 98, 99], "excluded_lines": [], "start_line": 78}, "load_technical": {"executed_lines": [103, 104, 105, 111, 112, 113, 114, 115], "summary": {"covered_lines": 8, "num_statements": 8, "percent_covered": 100.0, "percent_covered_display": "100", "missing_lines": 0, "excluded_lines": 0, "percent_statements_covered": 100.0, "percent_statements_covered_display": "100"}, "missing_lines": [], "excluded_lines": [], "start_line": 101}, "load_alerts": {"executed_lines": [119, 120, 121, 122, 123], "summary": {"covered_lines": 5, "num_statements": 5, "percent_covered": 100.0, "percent_covered_display": "100", "missing_lines": 0, "excluded_lines": 0, "percent_statements_covered": 100.0, "percent_statements_covered_display": "100"}, "missing_lines": [], "excluded_lines": [], "start_line": 117}, "load_execution_logs": {"executed_lines": [], "summary": {"covered_lines": 0, "num_statements": 5, "percent_covered": 0.0, "percent_covered_display": "0", "missing_lines": 5, "excluded_lines": 0, "percent_statements_covered": 0.0, "percent_statements_covered_display": "0"}, "missing_lines": [127, 128, 129, 130, 131], "excluded_lines": [], "start_line": 125}, "get_available_dates": {"executed_lines": [], "summary": {"covered_lines": 0, "num_statements": 5, "percent_covered": 0.0, "percent_covered_display": "0", "missing_lines": 5, "excluded_lines": 0, "percent_statements_covered": 0.0, "percent_statements_covered_display": "0"}, "missing_lines": [135, 136, 137, 138, 139], "excluded_lines": [], "start_line": 133}, "load_calendar_data": {"executed_lines": [143, 144, 145, 146, 147, 148, 149, 151, 152, 153, 154, 155], "summary": {"covered_lines": 12, "num_statements": 12, "percent_covered": 100.0, "percent_covered_display": "100", "missing_lines": 0, "excluded_lines": 0, "percent_statements_covered": 100.0, "percent_statements_covered_display": "100"}, "missing_lines": [], "excluded_lines": [], "start_line": 141}, "_cleanse_daily_returns": {"executed_lines": [170, 173, 174, 175, 178, 179, 180, 185, 193, 194, 196, 197, 202], "summary": {"covered_lines": 13, "num_statements": 15, "percent_covered": 86.66666666666667, "percent_covered_display": "87", "missing_lines": 2, "excluded_lines": 0, "percent_statements_covered": 86.66666666666667, "percent_statements_covered_display": "87"}, "missing_lines": [182, 183], "excluded_lines": [], "start_line": 157}, "compute_extended_risk_metrics": {"executed_lines": [213, 214, 215, 216, 217, 219, 220, 221, 222, 224, 228, 229, 232, 233, 234, 235, 236, 239, 240, 241, 242, 243, 244, 245, 246, 247, 249, 252, 253, 254, 255, 256, 261, 262, 263, 266, 267, 268, 271, 272, 273, 274, 275, 276, 277, 278, 279, 280, 281, 286, 287, 289], "summary": {"covered_lines": 52, "num_statements": 57, "percent_covered": 91.2280701754386, "percent_covered_display": "91", "missing_lines": 5, "excluded_lines": 0, "percent_statements_covered": 91.2280701754386, "percent_statements_covered_display": "91"}, "missing_lines": [218, 223, 225, 258, 283], "excluded_lines": [], "start_line": 204}, "compute_monthly_returns": {"executed_lines": [305, 306, 307, 308, 309, 310, 311, 313, 314, 315, 317, 321, 322, 323, 325, 328, 329, 334, 335, 336, 337, 338], "summary": {"covered_lines": 22, "num_statements": 22, "percent_covered": 100.0, "percent_covered_display": "100", "missing_lines": 0, "excluded_lines": 0, "percent_statements_covered": 100.0, "percent_statements_covered_display": "100"}, "missing_lines": [], "excluded_lines": [], "start_line": 303}, "compute_rolling_metrics": {"executed_lines": [342, 343, 344, 345, 346, 348, 349, 351, 354, 355, 356, 357, 358], "summary": {"covered_lines": 13, "num_statements": 16, "percent_covered": 81.25, "percent_covered_display": "81", "missing_lines": 3, "excluded_lines": 0, "percent_statements_covered": 81.25, "percent_statements_covered_display": "81"}, "missing_lines": [347, 350, 352], "excluded_lines": [], "start_line": 340}, "load_correlation_matrix": {"executed_lines": [362, 363, 372, 377, 378, 379, 383, 384, 387, 390, 391, 392, 394, 398, 401, 404, 405, 406, 407, 410, 411, 414, 415, 416, 417, 421], "summary": {"covered_lines": 26, "num_statements": 31, "percent_covered": 83.87096774193549, "percent_covered_display": "84", "missing_lines": 5, "excluded_lines": 0, "percent_statements_covered": 83.87096774193549, "percent_statements_covered_display": "84"}, "missing_lines": [364, 370, 380, 395, 419], "excluded_lines": [], "start_line": 360}, "load_etf_detail": {"executed_lines": [], "summary": {"covered_lines": 0, "num_statements": 23, "percent_covered": 0.0, "percent_covered_display": "0", "missing_lines": 23, "excluded_lines": 0, "percent_statements_covered": 0.0, "percent_statements_covered_display": "0"}, "missing_lines": [425, 428, 429, 436, 438, 445, 447, 450, 451, 458, 460, 467, 469, 472, 475, 477, 480, 481, 482, 483, 484, 486, 488], "excluded_lines": [], "start_line": 423}, "load_etf_price_history": {"executed_lines": [], "summary": {"covered_lines": 0, "num_statements": 14, "percent_covered": 0.0, "percent_covered_display": "0", "missing_lines": 14, "excluded_lines": 0, "percent_statements_covered": 0.0, "percent_statements_covered_display": "0"}, "missing_lines": [492, 493, 494, 500, 502, 508, 509, 510, 513, 514, 515, 516, 517, 519], "excluded_lines": [], "start_line": 490}, "load_benchmark_comparison": {"executed_lines": [523, 524, 533, 539, 540, 541, 542], "summary": {"covered_lines": 7, "num_statements": 9, "percent_covered": 77.77777777777777, "percent_covered_display": "78", "missing_lines": 2, "excluded_lines": 0, "percent_statements_covered": 77.77777777777777, "percent_statements_covered_display": "78"}, "missing_lines": [525, 531], "excluded_lines": [], "start_line": 521}, "load_sector_weights": {"executed_lines": [546, 555, 557, 559, 560, 561, 562, 564, 565, 572, 576, 579, 581, 582, 585, 586, 587, 590, 591, 592, 594], "summary": {"covered_lines": 21, "num_statements": 28, "percent_covered": 75.0, "percent_covered_display": "75", "missing_lines": 7, "excluded_lines": 0, "percent_statements_covered": 75.0, "percent_statements_covered_display": "75"}, "missing_lines": [556, 563, 566, 567, 569, 570, 573], "excluded_lines": [], "start_line": 544}, "run_monte_carlo": {"executed_lines": [621, 622, 623, 624, 626, 629, 633, 634, 635, 636, 638, 641, 643, 644, 647, 650, 651, 653, 655, 656, 658, 662, 663, 666, 667, 668, 669, 670, 672, 673, 675, 677, 678, 679, 682, 683, 684, 685, 687], "summary": {"covered_lines": 39, "num_statements": 43, "percent_covered": 90.69767441860465, "percent_covered_display": "91", "missing_lines": 4, "excluded_lines": 0, "percent_statements_covered": 90.69767441860465, "percent_statements_covered_display": "91"}, "missing_lines": [627, 630, 639, 659], "excluded_lines": [], "start_line": 596}, "compute_return_attribution": {"executed_lines": [714, 717, 723, 726, 728, 733, 744, 745, 748, 750, 752, 756, 762, 763, 764, 765, 766, 769, 772, 773, 776, 777, 780, 781, 782, 783, 786, 787, 788, 791, 792, 795, 798, 799, 800, 801, 802, 803, 805, 806, 807, 810, 811, 812, 814, 815, 816, 817, 818, 820, 821, 823], "summary": {"covered_lines": 52, "num_statements": 58, "percent_covered": 89.65517241379311, "percent_covered_display": "90", "missing_lines": 6, "excluded_lines": 0, "percent_statements_covered": 89.65517241379311, "percent_statements_covered_display": "90"}, "missing_lines": [724, 729, 730, 746, 753, 778], "excluded_lines": [], "start_line": 698}, "compute_return_attribution.get_sector": {"executed_lines": [757, 758, 759], "summary": {"covered_lines": 3, "num_statements": 3, "percent_covered": 100.0, "percent_covered_display": "100", "missing_lines": 0, "excluded_lines": 0, "percent_statements_covered": 100.0, "percent_statements_covered_display": "100"}, "missing_lines": [], "excluded_lines": [], "start_line": 756}, "compute_rebalance_suggestion": {"executed_lines": [843, 844, 855, 856, 862, 863, 865, 868, 870, 875, 878, 879, 880, 881, 882, 885, 886, 888, 889, 890, 891, 893, 894, 897, 899, 900, 904, 905, 907, 908, 910, 911, 913, 928], "summary": {"covered_lines": 34, "num_statements": 38, "percent_covered": 89.47368421052632, "percent_covered_display": "89", "missing_lines": 4, "excluded_lines": 0, "percent_statements_covered": 89.47368421052632, "percent_statements_covered_display": "89"}, "missing_lines": [866, 901, 909, 912], "excluded_lines": [], "start_line": 833}, "compute_rebalance_suggestion.get_sector": {"executed_lines": [871, 872, 873], "summary": {"covered_lines": 3, "num_statements": 3, "percent_covered": 100.0, "percent_covered_display": "100", "missing_lines": 0, "excluded_lines": 0, "percent_statements_covered": 100.0, "percent_statements_covered_display": "100"}, "missing_lines": [], "excluded_lines": [], "start_line": 870}, "_load_latest_news": {"executed_lines": [], "summary": {"covered_lines": 0, "num_statements": 5, "percent_covered": 0.0, "percent_covered_display": "0", "missing_lines": 5, "excluded_lines": 0, "percent_statements_covered": 0.0, "percent_statements_covered_display": "0"}, "missing_lines": [938, 939, 940, 941, 949], "excluded_lines": [], "start_line": 936}, "_load_tech_signals": {"executed_lines": [], "summary": {"covered_lines": 0, "num_statements": 10, "percent_covered": 0.0, "percent_covered_display": "0", "missing_lines": 10, "excluded_lines": 0, "percent_statements_covered": 0.0, "percent_statements_covered_display": "0"}, "missing_lines": [953, 954, 955, 956, 957, 958, 959, 961, 962, 966], "excluded_lines": [], "start_line": 951}, "": {"executed_lines": [9, 10, 12, 13, 14, 16, 20, 39, 49, 65, 78, 101, 117, 125, 133, 141, 157, 204, 303, 340, 360, 423, 490, 521, 544, 596, 698, 833, 936, 951], "summary": {"covered_lines": 30, "num_statements": 30, "percent_covered": 100.0, "percent_covered_display": "100", "missing_lines": 0, "excluded_lines": 0, "percent_statements_covered": 100.0, "percent_statements_covered_display": "100"}, "missing_lines": [], "excluded_lines": [], "start_line": 1}}, "classes": {"": {"executed_lines": [9, 10, 12, 13, 14, 16, 20, 22, 23, 31, 32, 33, 36, 37, 39, 46, 47, 49, 51, 52, 56, 61, 62, 63, 65, 67, 68, 72, 73, 74, 75, 76, 78, 101, 103, 104, 105, 111, 112, 113, 114, 115, 117, 119, 120, 121, 122, 123, 125, 133, 141, 143, 144, 145, 146, 147, 148, 149, 151, 152, 153, 154, 155, 157, 170, 173, 174, 175, 178, 179, 180, 185, 193, 194, 196, 197, 202, 204, 213, 214, 215, 216, 217, 219, 220, 221, 222, 224, 228, 229, 232, 233, 234, 235, 236, 239, 240, 241, 242, 243, 244, 245, 246, 247, 249, 252, 253, 254, 255, 256, 261, 262, 263, 266, 267, 268, 271, 272, 273, 274, 275, 276, 277, 278, 279, 280, 281, 286, 287, 289, 303, 305, 306, 307, 308, 309, 310, 311, 313, 314, 315, 317, 321, 322, 323, 325, 328, 329, 334, 335, 336, 337, 338, 340, 342, 343, 344, 345, 346, 348, 349, 351, 354, 355, 356, 357, 358, 360, 362, 363, 372, 377, 378, 379, 383, 384, 387, 390, 391, 392, 394, 398, 401, 404, 405, 406, 407, 410, 411, 414, 415, 416, 417, 421, 423, 490, 521, 523, 524, 533, 539, 540, 541, 542, 544, 546, 555, 557, 559, 560, 561, 562, 564, 565, 572, 576, 579, 581, 582, 585, 586, 587, 590, 591, 592, 594, 596, 621, 622, 623, 624, 626, 629, 633, 634, 635, 636, 638, 641, 643, 644, 647, 650, 651, 653, 655, 656, 658, 662, 663, 666, 667, 668, 669, 670, 672, 673, 675, 677, 678, 679, 682, 683, 684, 685, 687, 698, 714, 717, 723, 726, 728, 733, 744, 745, 748, 750, 752, 756, 757, 758, 759, 762, 763, 764, 765, 766, 769, 772, 773, 776, 777, 780, 781, 782, 783, 786, 787, 788, 791, 792, 795, 798, 799, 800, 801, 802, 803, 805, 806, 807, 810, 811, 812, 814, 815, 816, 817, 818, 820, 821, 823, 833, 843, 844, 855, 856, 862, 863, 865, 868, 870, 871, 872, 873, 875, 878, 879, 880, 881, 882, 885, 886, 888, 889, 890, 891, 893, 894, 897, 899, 900, 904, 905, 907, 908, 910, 911, 913, 928, 936, 951], "summary": {"covered_lines": 362, "num_statements": 476, "percent_covered": 76.05042016806723, "percent_covered_display": "76", "missing_lines": 114, "excluded_lines": 1, "percent_statements_covered": 76.05042016806723, "percent_statements_covered_display": "76"}, "missing_lines": [34, 53, 54, 69, 70, 80, 81, 82, 88, 90, 96, 97, 98, 99, 127, 128, 129, 130, 131, 135, 136, 137, 138, 139, 182, 183, 218, 223, 225, 258, 283, 347, 350, 352, 364, 370, 380, 395, 419, 425, 428, 429, 436, 438, 445, 447, 450, 451, 458, 460, 467, 469, 472, 475, 477, 480, 481, 482, 483, 484, 486, 488, 492, 493, 494, 500, 502, 508, 509, 510, 513, 514, 515, 516, 517, 519, 525, 531, 556, 563, 566, 567, 569, 570, 573, 627, 630, 639, 659, 724, 729, 730, 746, 753, 778, 866, 901, 909, 912, 938, 939, 940, 941, 949, 953, 954, 955, 956, 957, 958, 959, 961, 962, 966], "excluded_lines": [35], "start_line": 1}}}, "run_analysis.py": {"executed_lines": [6, 7, 8, 9, 10, 11, 12, 15, 16, 18, 22, 23, 24, 25, 26, 27, 28, 29, 30, 31, 32, 38, 39, 40, 43, 45, 46, 48, 49, 51, 54, 57, 60, 61, 63, 64, 65, 66, 67, 69, 72, 98, 131, 243, 376, 417, 419, 420, 422, 426, 427, 429, 430, 431, 432, 433, 435, 443, 444, 448, 453, 454, 457, 462, 463, 466, 471, 472, 475, 481, 482, 483, 485, 487, 488, 491, 492, 494, 495, 500, 501, 502, 505, 598, 648, 650, 651, 652, 653, 654, 657], "summary": {"covered_lines": 91, "num_statements": 548, "percent_covered": 16.605839416058394, "percent_covered_display": "17", "missing_lines": 457, "excluded_lines": 6, "percent_statements_covered": 16.605839416058394, "percent_statements_covered_display": "17"}, "missing_lines": [74, 75, 76, 84, 86, 87, 88, 89, 91, 92, 93, 95, 100, 101, 102, 104, 105, 108, 109, 110, 111, 112, 114, 117, 120, 124, 125, 126, 128, 133, 134, 135, 137, 138, 141, 142, 143, 144, 145, 146, 148, 161, 162, 163, 164, 167, 168, 169, 170, 171, 174, 175, 176, 177, 178, 179, 180, 181, 182, 183, 184, 185, 186, 189, 190, 191, 192, 193, 194, 195, 196, 198, 199, 200, 205, 206, 207, 208, 209, 210, 212, 213, 216, 217, 219, 221, 222, 223, 224, 225, 227, 230, 231, 232, 237, 239, 247, 248, 249, 251, 254, 255, 258, 259, 260, 262, 264, 265, 266, 267, 268, 269, 271, 272, 273, 274, 277, 278, 279, 280, 281, 282, 287, 288, 290, 291, 292, 293, 294, 295, 296, 297, 298, 299, 300, 301, 302, 303, 305, 306, 307, 308, 309, 310, 311, 312, 313, 314, 315, 317, 318, 319, 322, 323, 324, 325, 326, 327, 329, 332, 333, 334, 335, 336, 337, 338, 339, 342, 343, 344, 345, 346, 347, 349, 350, 351, 352, 356, 357, 358, 359, 360, 361, 362, 363, 365, 366, 367, 369, 370, 372, 374, 378, 379, 380, 382, 383, 384, 386, 387, 390, 391, 394, 395, 396, 399, 400, 401, 402, 403, 404, 406, 412, 413, 414, 423, 424, 449, 450, 451, 458, 459, 460, 467, 468, 469, 476, 477, 478, 496, 498, 507, 508, 510, 512, 513, 514, 515, 516, 517, 518, 519, 520, 523, 524, 525, 526, 528, 529, 530, 533, 534, 535, 536, 539, 540, 543, 544, 547, 548, 549, 551, 552, 553, 554, 555, 557, 558, 559, 561, 562, 565, 566, 568, 571, 572, 573, 574, 575, 582, 583, 584, 585, 587, 588, 589, 590, 592, 594, 595, 600, 602, 603, 605, 606, 607, 608, 610, 611, 612, 613, 614, 615, 618, 619, 620, 621, 622, 624, 627, 630, 634, 635, 636, 638, 639, 641, 642, 644, 659, 660, 663, 664, 665, 667, 668, 670, 671, 672, 673, 674, 675, 676, 679, 680, 683, 687, 688, 689, 690, 692, 693, 694, 695, 700, 701, 702, 703, 704, 705, 706, 707, 708, 710, 711, 713, 715, 716, 717, 718, 719, 720, 721, 722, 723, 724, 726, 727, 729, 733, 735, 736, 740, 743, 746, 747, 750, 753, 754, 758, 759, 760, 761, 762, 763, 766, 767, 768, 769, 770, 771, 774, 775, 776, 777, 778, 779, 780, 781, 784, 785, 786, 787, 788, 789, 790, 791, 792, 793, 795, 800, 801, 802, 804, 807, 808, 811, 815, 816, 817, 818, 819, 820, 821, 822, 823, 824, 825, 826, 827, 828, 829, 830, 832, 833, 837, 840, 841, 843, 844, 847, 850, 853, 854, 856, 857, 859, 861, 862, 863, 866, 867, 868, 870, 871, 872, 875], "excluded_lines": [564, 730, 838, 873, 878, 879], "functions": {"setup_logging": {"executed_lines": [45, 46, 48, 49, 51, 54, 57, 60, 61, 63, 64, 65, 66, 67, 69], "summary": {"covered_lines": 15, "num_statements": 15, "percent_covered": 100.0, "percent_covered_display": "100", "missing_lines": 0, "excluded_lines": 0, "percent_statements_covered": 100.0, "percent_statements_covered_display": "100"}, "missing_lines": [], "excluded_lines": [], "start_line": 43}, "run_stage1_basic": {"executed_lines": [], "summary": {"covered_lines": 0, "num_statements": 12, "percent_covered": 0.0, "percent_covered_display": "0", "missing_lines": 12, "excluded_lines": 0, "percent_statements_covered": 0.0, "percent_statements_covered_display": "0"}, "missing_lines": [74, 75, 76, 84, 86, 87, 88, 89, 91, 92, 93, 95], "excluded_lines": [], "start_line": 72}, "run_stage2_risk": {"executed_lines": [], "summary": {"covered_lines": 0, "num_statements": 17, "percent_covered": 0.0, "percent_covered_display": "0", "missing_lines": 17, "excluded_lines": 0, "percent_statements_covered": 0.0, "percent_statements_covered_display": "0"}, "missing_lines": [100, 101, 102, 104, 105, 108, 109, 110, 111, 112, 114, 117, 120, 124, 125, 126, 128], "excluded_lines": [], "start_line": 98}, "run_stage3_monitor": {"executed_lines": [], "summary": {"covered_lines": 0, "num_statements": 67, "percent_covered": 0.0, "percent_covered_display": "0", "missing_lines": 67, "excluded_lines": 0, "percent_statements_covered": 0.0, "percent_statements_covered_display": "0"}, "missing_lines": [133, 134, 135, 137, 138, 141, 142, 143, 144, 145, 146, 148, 161, 162, 163, 164, 167, 168, 169, 170, 171, 174, 175, 176, 177, 178, 179, 180, 181, 182, 183, 184, 185, 186, 189, 190, 191, 192, 193, 194, 195, 196, 198, 199, 200, 205, 206, 207, 208, 209, 210, 212, 213, 216, 217, 219, 221, 222, 223, 224, 225, 227, 230, 231, 232, 237, 239], "excluded_lines": [], "start_line": 131}, "run_stage_fund_flow": {"executed_lines": [], "summary": {"covered_lines": 0, "num_statements": 96, "percent_covered": 0.0, "percent_covered_display": "0", "missing_lines": 96, "excluded_lines": 0, "percent_statements_covered": 0.0, "percent_statements_covered_display": "0"}, "missing_lines": [247, 248, 249, 251, 254, 255, 258, 259, 260, 262, 264, 265, 266, 267, 268, 269, 271, 272, 273, 274, 277, 278, 279, 280, 281, 282, 287, 288, 290, 291, 292, 293, 294, 295, 296, 297, 298, 299, 300, 301, 302, 303, 305, 306, 307, 308, 309, 310, 311, 312, 313, 314, 315, 317, 318, 319, 322, 323, 324, 325, 326, 327, 329, 332, 333, 334, 335, 336, 337, 338, 339, 342, 343, 344, 345, 346, 347, 349, 350, 351, 352, 356, 357, 358, 359, 360, 361, 362, 363, 365, 366, 367, 369, 370, 372, 374], "excluded_lines": [], "start_line": 243}, "run_stage_news": {"executed_lines": [], "summary": {"covered_lines": 0, "num_statements": 23, "percent_covered": 0.0, "percent_covered_display": "0", "missing_lines": 23, "excluded_lines": 0, "percent_statements_covered": 0.0, "percent_statements_covered_display": "0"}, "missing_lines": [378, 379, 380, 382, 383, 384, 386, 387, 390, 391, 394, 395, 396, 399, 400, 401, 402, 403, 404, 406, 412, 413, 414], "excluded_lines": [], "start_line": 376}, "run_stage4_smart": {"executed_lines": [419, 420, 422, 426, 427, 429, 430, 431, 432, 433, 435, 443, 444, 448, 453, 454, 457, 462, 463, 466, 471, 472, 475, 481, 482, 483, 485, 487, 488, 491, 492, 494, 495, 500, 501, 502], "summary": {"covered_lines": 36, "num_statements": 52, "percent_covered": 69.23076923076923, "percent_covered_display": "69", "missing_lines": 16, "excluded_lines": 0, "percent_statements_covered": 69.23076923076923, "percent_statements_covered_display": "69"}, "missing_lines": [423, 424, 449, 450, 451, 458, 459, 460, 467, 468, 469, 476, 477, 478, 496, 498], "excluded_lines": [], "start_line": 417}, "send_daily_report": {"executed_lines": [], "summary": {"covered_lines": 0, "num_statements": 59, "percent_covered": 0.0, "percent_covered_display": "0", "missing_lines": 59, "excluded_lines": 1, "percent_statements_covered": 0.0, "percent_statements_covered_display": "0"}, "missing_lines": [507, 508, 510, 512, 513, 514, 515, 516, 517, 518, 519, 520, 523, 524, 525, 526, 528, 529, 530, 533, 534, 535, 536, 539, 540, 543, 544, 547, 548, 549, 551, 552, 553, 554, 555, 557, 558, 559, 561, 562, 565, 566, 568, 571, 572, 573, 574, 575, 582, 583, 584, 585, 587, 588, 589, 590, 592, 594, 595], "excluded_lines": [564], "start_line": 505}, "print_summary": {"executed_lines": [], "summary": {"covered_lines": 0, "num_statements": 29, "percent_covered": 0.0, "percent_covered_display": "0", "missing_lines": 29, "excluded_lines": 0, "percent_statements_covered": 0.0, "percent_statements_covered_display": "0"}, "missing_lines": [600, 602, 603, 605, 606, 607, 608, 610, 611, 612, 613, 614, 615, 618, 619, 620, 621, 622, 624, 627, 630, 634, 635, 636, 638, 639, 641, 642, 644], "excluded_lines": [], "start_line": 598}, "is_trading_day": {"executed_lines": [650, 651, 652, 653, 654], "summary": {"covered_lines": 5, "num_statements": 5, "percent_covered": 100.0, "percent_covered_display": "100", "missing_lines": 0, "excluded_lines": 0, "percent_statements_covered": 100.0, "percent_statements_covered_display": "100"}, "missing_lines": [], "excluded_lines": [], "start_line": 648}, "main": {"executed_lines": [], "summary": {"covered_lines": 0, "num_statements": 138, "percent_covered": 0.0, "percent_covered_display": "0", "missing_lines": 138, "excluded_lines": 3, "percent_statements_covered": 0.0, "percent_statements_covered_display": "0"}, "missing_lines": [659, 660, 663, 664, 665, 667, 668, 670, 671, 672, 673, 674, 675, 676, 679, 680, 683, 687, 688, 689, 690, 692, 693, 694, 695, 700, 701, 702, 703, 704, 705, 706, 707, 708, 710, 711, 713, 715, 716, 717, 718, 719, 720, 721, 722, 723, 724, 726, 727, 729, 733, 735, 736, 740, 743, 746, 747, 750, 753, 754, 758, 759, 760, 761, 762, 763, 766, 767, 768, 769, 770, 771, 774, 775, 776, 777, 778, 779, 780, 781, 784, 785, 786, 787, 788, 789, 790, 791, 792, 793, 795, 800, 801, 802, 804, 807, 808, 811, 815, 816, 817, 818, 819, 820, 821, 822, 823, 824, 825, 826, 827, 828, 829, 830, 832, 833, 837, 840, 841, 843, 844, 847, 850, 853, 854, 856, 857, 859, 861, 862, 863, 866, 867, 868, 870, 871, 872, 875], "excluded_lines": [730, 838, 873], "start_line": 657}, "": {"executed_lines": [6, 7, 8, 9, 10, 11, 12, 15, 16, 18, 22, 23, 24, 25, 26, 27, 28, 29, 30, 31, 32, 38, 39, 40, 43, 72, 98, 131, 243, 376, 417, 505, 598, 648, 657], "summary": {"covered_lines": 35, "num_statements": 35, "percent_covered": 100.0, "percent_covered_display": "100", "missing_lines": 0, "excluded_lines": 2, "percent_statements_covered": 100.0, "percent_statements_covered_display": "100"}, "missing_lines": [], "excluded_lines": [878, 879], "start_line": 1}}, "classes": {"": {"executed_lines": [6, 7, 8, 9, 10, 11, 12, 15, 16, 18, 22, 23, 24, 25, 26, 27, 28, 29, 30, 31, 32, 38, 39, 40, 43, 45, 46, 48, 49, 51, 54, 57, 60, 61, 63, 64, 65, 66, 67, 69, 72, 98, 131, 243, 376, 417, 419, 420, 422, 426, 427, 429, 430, 431, 432, 433, 435, 443, 444, 448, 453, 454, 457, 462, 463, 466, 471, 472, 475, 481, 482, 483, 485, 487, 488, 491, 492, 494, 495, 500, 501, 502, 505, 598, 648, 650, 651, 652, 653, 654, 657], "summary": {"covered_lines": 91, "num_statements": 548, "percent_covered": 16.605839416058394, "percent_covered_display": "17", "missing_lines": 457, "excluded_lines": 6, "percent_statements_covered": 16.605839416058394, "percent_statements_covered_display": "17"}, "missing_lines": [74, 75, 76, 84, 86, 87, 88, 89, 91, 92, 93, 95, 100, 101, 102, 104, 105, 108, 109, 110, 111, 112, 114, 117, 120, 124, 125, 126, 128, 133, 134, 135, 137, 138, 141, 142, 143, 144, 145, 146, 148, 161, 162, 163, 164, 167, 168, 169, 170, 171, 174, 175, 176, 177, 178, 179, 180, 181, 182, 183, 184, 185, 186, 189, 190, 191, 192, 193, 194, 195, 196, 198, 199, 200, 205, 206, 207, 208, 209, 210, 212, 213, 216, 217, 219, 221, 222, 223, 224, 225, 227, 230, 231, 232, 237, 239, 247, 248, 249, 251, 254, 255, 258, 259, 260, 262, 264, 265, 266, 267, 268, 269, 271, 272, 273, 274, 277, 278, 279, 280, 281, 282, 287, 288, 290, 291, 292, 293, 294, 295, 296, 297, 298, 299, 300, 301, 302, 303, 305, 306, 307, 308, 309, 310, 311, 312, 313, 314, 315, 317, 318, 319, 322, 323, 324, 325, 326, 327, 329, 332, 333, 334, 335, 336, 337, 338, 339, 342, 343, 344, 345, 346, 347, 349, 350, 351, 352, 356, 357, 358, 359, 360, 361, 362, 363, 365, 366, 367, 369, 370, 372, 374, 378, 379, 380, 382, 383, 384, 386, 387, 390, 391, 394, 395, 396, 399, 400, 401, 402, 403, 404, 406, 412, 413, 414, 423, 424, 449, 450, 451, 458, 459, 460, 467, 468, 469, 476, 477, 478, 496, 498, 507, 508, 510, 512, 513, 514, 515, 516, 517, 518, 519, 520, 523, 524, 525, 526, 528, 529, 530, 533, 534, 535, 536, 539, 540, 543, 544, 547, 548, 549, 551, 552, 553, 554, 555, 557, 558, 559, 561, 562, 565, 566, 568, 571, 572, 573, 574, 575, 582, 583, 584, 585, 587, 588, 589, 590, 592, 594, 595, 600, 602, 603, 605, 606, 607, 608, 610, 611, 612, 613, 614, 615, 618, 619, 620, 621, 622, 624, 627, 630, 634, 635, 636, 638, 639, 641, 642, 644, 659, 660, 663, 664, 665, 667, 668, 670, 671, 672, 673, 674, 675, 676, 679, 680, 683, 687, 688, 689, 690, 692, 693, 694, 695, 700, 701, 702, 703, 704, 705, 706, 707, 708, 710, 711, 713, 715, 716, 717, 718, 719, 720, 721, 722, 723, 724, 726, 727, 729, 733, 735, 736, 740, 743, 746, 747, 750, 753, 754, 758, 759, 760, 761, 762, 763, 766, 767, 768, 769, 770, 771, 774, 775, 776, 777, 778, 779, 780, 781, 784, 785, 786, 787, 788, 789, 790, 791, 792, 793, 795, 800, 801, 802, 804, 807, 808, 811, 815, 816, 817, 818, 819, 820, 821, 822, 823, 824, 825, 826, 827, 828, 829, 830, 832, 833, 837, 840, 841, 843, 844, 847, 850, 853, 854, 856, 857, 859, 861, 862, 863, 866, 867, 868, 870, 871, 872, 875], "excluded_lines": [564, 730, 838, 873, 878, 879], "start_line": 1}}}, "scripts\\backup_db.py": {"executed_lines": [3, 4, 5, 6, 7, 9, 10, 12, 13, 16, 23, 25, 26, 27, 28, 29, 30, 31, 32, 33, 34, 35, 37, 38, 39, 40, 41, 44, 46, 47, 49, 50, 51, 52, 53, 54, 55, 56, 57, 58, 59, 60, 63, 82], "summary": {"covered_lines": 44, "num_statements": 79, "percent_covered": 55.69620253164557, "percent_covered_display": "56", "missing_lines": 35, "excluded_lines": 2, "percent_statements_covered": 55.69620253164557, "percent_statements_covered_display": "56"}, "missing_lines": [18, 19, 20, 48, 65, 66, 67, 68, 69, 70, 71, 72, 73, 74, 75, 76, 77, 78, 79, 83, 84, 85, 86, 87, 88, 89, 90, 91, 92, 93, 94, 95, 96, 97, 98], "excluded_lines": [101, 102], "functions": {"get_backup_dir": {"executed_lines": [], "summary": {"covered_lines": 0, "num_statements": 3, "percent_covered": 0.0, "percent_covered_display": "0", "missing_lines": 3, "excluded_lines": 0, "percent_statements_covered": 0.0, "percent_statements_covered_display": "0"}, "missing_lines": [18, 19, 20], "excluded_lines": [], "start_line": 16}, "backup_database": {"executed_lines": [25, 26, 27, 28, 29, 30, 31, 32, 33, 34, 35, 37, 38, 39, 40, 41], "summary": {"covered_lines": 16, "num_statements": 16, "percent_covered": 100.0, "percent_covered_display": "100", "missing_lines": 0, "excluded_lines": 0, "percent_statements_covered": 100.0, "percent_statements_covered_display": "100"}, "missing_lines": [], "excluded_lines": [], "start_line": 23}, "cleanup_old_backups": {"executed_lines": [46, 47, 49, 50, 51, 52, 53, 54, 55, 56, 57, 58, 59, 60], "summary": {"covered_lines": 14, "num_statements": 15, "percent_covered": 93.33333333333333, "percent_covered_display": "93", "missing_lines": 1, "excluded_lines": 0, "percent_statements_covered": 93.33333333333333, "percent_statements_covered_display": "93"}, "missing_lines": [48], "excluded_lines": [], "start_line": 44}, "list_backups": {"executed_lines": [], "summary": {"covered_lines": 0, "num_statements": 15, "percent_covered": 0.0, "percent_covered_display": "0", "missing_lines": 15, "excluded_lines": 0, "percent_statements_covered": 0.0, "percent_statements_covered_display": "0"}, "missing_lines": [65, 66, 67, 68, 69, 70, 71, 72, 73, 74, 75, 76, 77, 78, 79], "excluded_lines": [], "start_line": 63}, "main": {"executed_lines": [], "summary": {"covered_lines": 0, "num_statements": 16, "percent_covered": 0.0, "percent_covered_display": "0", "missing_lines": 16, "excluded_lines": 0, "percent_statements_covered": 0.0, "percent_statements_covered_display": "0"}, "missing_lines": [83, 84, 85, 86, 87, 88, 89, 90, 91, 92, 93, 94, 95, 96, 97, 98], "excluded_lines": [], "start_line": 82}, "": {"executed_lines": [3, 4, 5, 6, 7, 9, 10, 12, 13, 16, 23, 44, 63, 82], "summary": {"covered_lines": 14, "num_statements": 14, "percent_covered": 100.0, "percent_covered_display": "100", "missing_lines": 0, "excluded_lines": 2, "percent_statements_covered": 100.0, "percent_statements_covered_display": "100"}, "missing_lines": [], "excluded_lines": [101, 102], "start_line": 1}}, "classes": {"": {"executed_lines": [3, 4, 5, 6, 7, 9, 10, 12, 13, 16, 23, 25, 26, 27, 28, 29, 30, 31, 32, 33, 34, 35, 37, 38, 39, 40, 41, 44, 46, 47, 49, 50, 51, 52, 53, 54, 55, 56, 57, 58, 59, 60, 63, 82], "summary": {"covered_lines": 44, "num_statements": 79, "percent_covered": 55.69620253164557, "percent_covered_display": "56", "missing_lines": 35, "excluded_lines": 2, "percent_statements_covered": 55.69620253164557, "percent_statements_covered_display": "56"}, "missing_lines": [18, 19, 20, 48, 65, 66, 67, 68, 69, 70, 71, 72, 73, 74, 75, 76, 77, 78, 79, 83, 84, 85, 86, 87, 88, 89, 90, 91, 92, 93, 94, 95, 96, 97, 98], "excluded_lines": [101, 102], "start_line": 1}}}, "scripts\\run_backfill.py": {"executed_lines": [13, 14, 15, 16, 17, 18, 20, 21, 23, 25, 53, 67, 91], "summary": {"covered_lines": 13, "num_statements": 54, "percent_covered": 24.074074074074073, "percent_covered_display": "24", "missing_lines": 41, "excluded_lines": 2, "percent_statements_covered": 24.074074074074073, "percent_statements_covered_display": "24"}, "missing_lines": [54, 55, 56, 64, 68, 69, 70, 71, 72, 73, 74, 75, 76, 77, 78, 79, 80, 82, 83, 84, 85, 86, 87, 88, 92, 93, 95, 96, 98, 99, 100, 101, 103, 104, 105, 106, 107, 108, 109, 111, 112], "excluded_lines": [115, 116], "functions": {"setup_logging": {"executed_lines": [], "summary": {"covered_lines": 0, "num_statements": 4, "percent_covered": 0.0, "percent_covered_display": "0", "missing_lines": 4, "excluded_lines": 0, "percent_statements_covered": 0.0, "percent_statements_covered_display": "0"}, "missing_lines": [54, 55, 56, 64], "excluded_lines": [], "start_line": 53}, "run_single": {"executed_lines": [], "summary": {"covered_lines": 0, "num_statements": 20, "percent_covered": 0.0, "percent_covered_display": "0", "missing_lines": 20, "excluded_lines": 0, "percent_statements_covered": 0.0, "percent_statements_covered_display": "0"}, "missing_lines": [68, 69, 70, 71, 72, 73, 74, 75, 76, 77, 78, 79, 80, 82, 83, 84, 85, 86, 87, 88], "excluded_lines": [], "start_line": 67}, "main": {"executed_lines": [], "summary": {"covered_lines": 0, "num_statements": 17, "percent_covered": 0.0, "percent_covered_display": "0", "missing_lines": 17, "excluded_lines": 0, "percent_statements_covered": 0.0, "percent_statements_covered_display": "0"}, "missing_lines": [92, 93, 95, 96, 98, 99, 100, 101, 103, 104, 105, 106, 107, 108, 109, 111, 112], "excluded_lines": [], "start_line": 91}, "": {"executed_lines": [13, 14, 15, 16, 17, 18, 20, 21, 23, 25, 53, 67, 91], "summary": {"covered_lines": 13, "num_statements": 13, "percent_covered": 100.0, "percent_covered_display": "100", "missing_lines": 0, "excluded_lines": 2, "percent_statements_covered": 100.0, "percent_statements_covered_display": "100"}, "missing_lines": [], "excluded_lines": [115, 116], "start_line": 1}}, "classes": {"": {"executed_lines": [13, 14, 15, 16, 17, 18, 20, 21, 23, 25, 53, 67, 91], "summary": {"covered_lines": 13, "num_statements": 54, "percent_covered": 24.074074074074073, "percent_covered_display": "24", "missing_lines": 41, "excluded_lines": 2, "percent_statements_covered": 24.074074074074073, "percent_statements_covered_display": "24"}, "missing_lines": [54, 55, 56, 64, 68, 69, 70, 71, 72, 73, 74, 75, 76, 77, 78, 79, 80, 82, 83, 84, 85, 86, 87, 88, 92, 93, 95, 96, 98, 99, 100, 101, 103, 104, 105, 106, 107, 108, 109, 111, 112], "excluded_lines": [115, 116], "start_line": 1}}}, "sidebar.py": {"executed_lines": [8, 10, 11, 13, 14, 16, 124], "summary": {"covered_lines": 7, "num_statements": 50, "percent_covered": 14.0, "percent_covered_display": "14", "missing_lines": 43, "excluded_lines": 0, "percent_statements_covered": 14.0, "percent_statements_covered_display": "14"}, "missing_lines": [19, 127, 128, 129, 130, 131, 132, 133, 134, 135, 136, 138, 139, 140, 143, 144, 146, 155, 159, 160, 161, 163, 165, 166, 168, 169, 170, 171, 172, 173, 174, 177, 178, 180, 181, 182, 183, 191, 192, 194, 195, 196, 198], "excluded_lines": [], "functions": {"_inject_custom_css": {"executed_lines": [], "summary": {"covered_lines": 0, "num_statements": 1, "percent_covered": 0.0, "percent_covered_display": "0", "missing_lines": 1, "excluded_lines": 0, "percent_statements_covered": 0.0, "percent_statements_covered_display": "0"}, "missing_lines": [19], "excluded_lines": [], "start_line": 16}, "_render_sidebar": {"executed_lines": [], "summary": {"covered_lines": 0, "num_statements": 42, "percent_covered": 0.0, "percent_covered_display": "0", "missing_lines": 42, "excluded_lines": 0, "percent_statements_covered": 0.0, "percent_statements_covered_display": "0"}, "missing_lines": [127, 128, 129, 130, 131, 132, 133, 134, 135, 136, 138, 139, 140, 143, 144, 146, 155, 159, 160, 161, 163, 165, 166, 168, 169, 170, 171, 172, 173, 174, 177, 178, 180, 181, 182, 183, 191, 192, 194, 195, 196, 198], "excluded_lines": [], "start_line": 124}, "": {"executed_lines": [8, 10, 11, 13, 14, 16, 124], "summary": {"covered_lines": 7, "num_statements": 7, "percent_covered": 100.0, "percent_covered_display": "100", "missing_lines": 0, "excluded_lines": 0, "percent_statements_covered": 100.0, "percent_statements_covered_display": "100"}, "missing_lines": [], "excluded_lines": [], "start_line": 1}}, "classes": {"": {"executed_lines": [8, 10, 11, 13, 14, 16, 124], "summary": {"covered_lines": 7, "num_statements": 50, "percent_covered": 14.0, "percent_covered_display": "14", "missing_lines": 43, "excluded_lines": 0, "percent_statements_covered": 14.0, "percent_statements_covered_display": "14"}, "missing_lines": [19, 127, 128, 129, 130, 131, 132, 133, 134, 135, 136, 138, 139, 140, 143, 144, 146, 155, 159, 160, 161, 163, 165, 166, 168, 169, 170, 171, 172, 173, 174, 177, 178, 180, 181, 182, 183, 191, 192, 194, 195, 196, 198], "excluded_lines": [], "start_line": 1}}}, "src\\__init__.py": {"executed_lines": [], "summary": {"covered_lines": 0, "num_statements": 0, "percent_covered": 100.0, "percent_covered_display": "100", "missing_lines": 0, "excluded_lines": 0, "percent_statements_covered": 100.0, "percent_statements_covered_display": "100"}, "missing_lines": [], "excluded_lines": [], "functions": {"": {"executed_lines": [], "summary": {"covered_lines": 0, "num_statements": 0, "percent_covered": 100.0, "percent_covered_display": "100", "missing_lines": 0, "excluded_lines": 0, "percent_statements_covered": 100.0, "percent_statements_covered_display": "100"}, "missing_lines": [], "excluded_lines": [], "start_line": 1}}, "classes": {"": {"executed_lines": [], "summary": {"covered_lines": 0, "num_statements": 0, "percent_covered": 100.0, "percent_covered_display": "100", "missing_lines": 0, "excluded_lines": 0, "percent_statements_covered": 100.0, "percent_statements_covered_display": "100"}, "missing_lines": [], "excluded_lines": [], "start_line": 1}}}, "src\\analysis\\__init__.py": {"executed_lines": [], "summary": {"covered_lines": 0, "num_statements": 0, "percent_covered": 100.0, "percent_covered_display": "100", "missing_lines": 0, "excluded_lines": 0, "percent_statements_covered": 100.0, "percent_statements_covered_display": "100"}, "missing_lines": [], "excluded_lines": [], "functions": {"": {"executed_lines": [], "summary": {"covered_lines": 0, "num_statements": 0, "percent_covered": 100.0, "percent_covered_display": "100", "missing_lines": 0, "excluded_lines": 0, "percent_statements_covered": 100.0, "percent_statements_covered_display": "100"}, "missing_lines": [], "excluded_lines": [], "start_line": 1}}, "classes": {"": {"executed_lines": [], "summary": {"covered_lines": 0, "num_statements": 0, "percent_covered": 100.0, "percent_covered_display": "100", "missing_lines": 0, "excluded_lines": 0, "percent_statements_covered": 100.0, "percent_statements_covered_display": "100"}, "missing_lines": [], "excluded_lines": [], "start_line": 1}}}, "src\\analysis\\advisor.py": {"executed_lines": [4, 5, 6, 7, 8, 9, 10, 12, 15, 17, 18, 19, 20, 21, 24, 26, 27, 28, 31, 32, 34, 35, 36, 37, 38, 39, 40, 41, 44, 47, 48, 49, 51, 54, 57, 58, 62, 63, 64, 67, 68, 72, 73, 77, 78, 84, 85, 91, 92, 93, 96, 97, 101, 102, 106, 107, 112, 113, 117, 118, 119, 122, 123, 124, 126, 127, 129, 130, 132, 134, 135, 137, 138, 141, 142, 143, 199, 201, 203, 204, 205, 206, 207, 210, 211, 228, 229, 230, 246, 247, 263, 265, 267, 269, 335, 337, 339, 340, 341, 343, 358, 360, 363, 364, 367, 368, 369, 370, 373, 393, 395, 434, 486, 488, 489, 490, 491, 493, 494, 497, 498, 500, 501, 502, 508, 509, 510, 511, 512, 514, 515, 516, 524, 525, 534, 535, 536, 547, 552, 554, 555, 556, 557, 559, 560, 563, 564, 566, 567, 568, 583, 584, 601, 606, 608, 609, 610, 611, 613, 614, 617, 618, 620, 621, 636, 637, 652, 653, 668, 669, 686, 691, 693, 694, 695, 696, 698, 699, 702, 703, 705, 708, 709, 711, 721, 722, 723, 724, 725, 726, 727, 739, 742, 751, 753, 754, 756, 757, 758, 759, 760, 762, 763, 770, 778, 786, 787, 796, 797, 798, 800, 811, 812, 814, 816, 818, 819, 820, 821, 823, 825, 826, 828, 829, 830, 832, 836, 837, 839, 840, 841, 843, 844, 846, 848, 849, 867, 869, 870, 890, 891, 892, 893, 894, 896, 897, 898, 914, 915, 916, 918, 919, 933, 934, 936, 938, 951, 953, 955, 956, 964, 966, 967, 969, 972, 978, 982, 983, 984, 985, 986, 991, 1009, 1010, 1011, 1013, 1014, 1019, 1020, 1021, 1025, 1028, 1031, 1036, 1037, 1038, 1039, 1044, 1061, 1062, 1064, 1068, 1084, 1086, 1087, 1089, 1096, 1097, 1098, 1099, 1101, 1116, 1130, 1132, 1134, 1135, 1144, 1146, 1147, 1149, 1152, 1153, 1154, 1161, 1166, 1167, 1168, 1169, 1170, 1176, 1194, 1195, 1196, 1202, 1206, 1207, 1208, 1209, 1210, 1216, 1234, 1235, 1236, 1242, 1246, 1247, 1248, 1249, 1250, 1255, 1268, 1269, 1271], "summary": {"covered_lines": 343, "num_statements": 501, "percent_covered": 68.46307385229541, "percent_covered_display": "68", "missing_lines": 158, "excluded_lines": 6, "percent_statements_covered": 68.46307385229541, "percent_statements_covered_display": "68"}, "missing_lines": [59, 69, 74, 79, 86, 87, 88, 98, 103, 108, 114, 145, 146, 147, 149, 150, 151, 152, 153, 156, 157, 159, 160, 163, 164, 165, 180, 181, 182, 197, 212, 248, 270, 273, 274, 275, 276, 277, 280, 281, 282, 283, 284, 287, 288, 289, 290, 291, 294, 295, 296, 297, 298, 300, 301, 302, 304, 305, 319, 320, 344, 374, 375, 377, 378, 397, 398, 410, 413, 416, 418, 436, 437, 439, 442, 443, 444, 445, 446, 447, 449, 457, 458, 460, 461, 462, 463, 465, 466, 467, 468, 469, 471, 472, 474, 476, 495, 544, 545, 561, 569, 570, 571, 572, 580, 585, 586, 587, 588, 596, 598, 599, 615, 622, 623, 624, 625, 633, 638, 639, 640, 641, 649, 654, 655, 656, 657, 665, 670, 671, 672, 673, 681, 683, 684, 700, 706, 712, 728, 736, 737, 771, 779, 833, 899, 1070, 1071, 1079, 1080, 1081, 1082, 1088, 1103, 1104, 1111, 1112, 1113, 1114], "excluded_lines": [581, 597, 634, 650, 666, 682], "functions": {"SmartAdvisor.__init__": {"executed_lines": [48, 49], "summary": {"covered_lines": 2, "num_statements": 2, "percent_covered": 100.0, "percent_covered_display": "100", "missing_lines": 0, "excluded_lines": 0, "percent_statements_covered": 100.0, "percent_statements_covered_display": "100"}, "missing_lines": [], "excluded_lines": [], "start_line": 47}, "SmartAdvisor.analyze_portfolio": {"executed_lines": [54, 57, 58, 62, 63, 64, 67, 68, 72, 73, 77, 78, 84, 85, 91, 92, 93, 96, 97, 101, 102, 106, 107, 112, 113, 117, 118, 119, 122, 123, 124, 126, 127, 129, 130], "summary": {"covered_lines": 35, "num_statements": 46, "percent_covered": 76.08695652173913, "percent_covered_display": "76", "missing_lines": 11, "excluded_lines": 0, "percent_statements_covered": 76.08695652173913, "percent_statements_covered_display": "76"}, "missing_lines": [59, 69, 74, 79, 86, 87, 88, 98, 103, 108, 114], "excluded_lines": [], "start_line": 51}, "SmartAdvisor._check_rebalance_needs": {"executed_lines": [134, 135, 137, 138, 141, 142, 143], "summary": {"covered_lines": 7, "num_statements": 26, "percent_covered": 26.923076923076923, "percent_covered_display": "27", "missing_lines": 19, "excluded_lines": 0, "percent_statements_covered": 26.923076923076923, "percent_statements_covered_display": "27"}, "missing_lines": [145, 146, 147, 149, 150, 151, 152, 153, 156, 157, 159, 160, 163, 164, 165, 180, 181, 182, 197], "excluded_lines": [], "start_line": 132}, "SmartAdvisor._check_risk_indicators": {"executed_lines": [201, 203, 204, 205, 206, 207, 210, 211, 228, 229, 230, 246, 247, 263], "summary": {"covered_lines": 14, "num_statements": 16, "percent_covered": 87.5, "percent_covered_display": "88", "missing_lines": 2, "excluded_lines": 0, "percent_statements_covered": 87.5, "percent_statements_covered_display": "88"}, "missing_lines": [212, 248], "excluded_lines": [], "start_line": 199}, "SmartAdvisor._analyze_technical_signals": {"executed_lines": [267, 269, 335], "summary": {"covered_lines": 3, "num_statements": 31, "percent_covered": 9.67741935483871, "percent_covered_display": "10", "missing_lines": 28, "excluded_lines": 0, "percent_statements_covered": 9.67741935483871, "percent_statements_covered_display": "10"}, "missing_lines": [270, 273, 274, 275, 276, 277, 280, 281, 282, 283, 284, 287, 288, 289, 290, 291, 294, 295, 296, 297, 298, 300, 301, 302, 304, 305, 319, 320], "excluded_lines": [], "start_line": 265}, "SmartAdvisor._check_concentration": {"executed_lines": [339, 340, 341, 343, 358], "summary": {"covered_lines": 5, "num_statements": 6, "percent_covered": 83.33333333333333, "percent_covered_display": "83", "missing_lines": 1, "excluded_lines": 0, "percent_statements_covered": 83.33333333333333, "percent_statements_covered_display": "83"}, "missing_lines": [344], "excluded_lines": [], "start_line": 337}, "SmartAdvisor._identify_opportunities": {"executed_lines": [363, 364, 367, 368, 369, 370, 373, 393], "summary": {"covered_lines": 8, "num_statements": 12, "percent_covered": 66.66666666666667, "percent_covered_display": "67", "missing_lines": 4, "excluded_lines": 0, "percent_statements_covered": 66.66666666666667, "percent_statements_covered_display": "67"}, "missing_lines": [374, 375, 377, 378], "excluded_lines": [], "start_line": 360}, "SmartAdvisor.generate_strategy_advice": {"executed_lines": [], "summary": {"covered_lines": 0, "num_statements": 6, "percent_covered": 0.0, "percent_covered_display": "0", "missing_lines": 6, "excluded_lines": 0, "percent_statements_covered": 0.0, "percent_statements_covered_display": "0"}, "missing_lines": [397, 398, 410, 413, 416, 418], "excluded_lines": [], "start_line": 395}, "SmartAdvisor.format_advice_report": {"executed_lines": [], "summary": {"covered_lines": 0, "num_statements": 25, "percent_covered": 0.0, "percent_covered_display": "0", "missing_lines": 25, "excluded_lines": 0, "percent_statements_covered": 0.0, "percent_statements_covered_display": "0"}, "missing_lines": [436, 437, 439, 442, 443, 444, 445, 446, 447, 449, 457, 458, 460, 461, 462, 463, 465, 466, 467, 468, 469, 471, 472, 474, 476], "excluded_lines": [], "start_line": 434}, "SmartAdvisor._analyze_fund_flows": {"executed_lines": [488, 489, 490, 491, 493, 494, 497, 498, 500, 501, 502, 508, 509, 510, 511, 512, 514, 515, 516, 524, 525, 534, 535, 536, 547], "summary": {"covered_lines": 25, "num_statements": 28, "percent_covered": 89.28571428571429, "percent_covered_display": "89", "missing_lines": 3, "excluded_lines": 0, "percent_statements_covered": 89.28571428571429, "percent_statements_covered_display": "89"}, "missing_lines": [495, 544, 545], "excluded_lines": [], "start_line": 486}, "SmartAdvisor._analyze_market_sentiment": {"executed_lines": [554, 555, 556, 557, 559, 560, 563, 564, 566, 567, 568, 583, 584, 601], "summary": {"covered_lines": 14, "num_statements": 27, "percent_covered": 51.851851851851855, "percent_covered_display": "52", "missing_lines": 13, "excluded_lines": 2, "percent_statements_covered": 51.851851851851855, "percent_statements_covered_display": "52"}, "missing_lines": [561, 569, 570, 571, 572, 580, 585, 586, 587, 588, 596, 598, 599], "excluded_lines": [581, 597], "start_line": 552}, "SmartAdvisor._analyze_macro_environment": {"executed_lines": [608, 609, 610, 611, 613, 614, 617, 618, 620, 621, 636, 637, 652, 653, 668, 669, 686], "summary": {"covered_lines": 17, "num_statements": 40, "percent_covered": 42.5, "percent_covered_display": "42", "missing_lines": 23, "excluded_lines": 4, "percent_statements_covered": 42.5, "percent_statements_covered_display": "42"}, "missing_lines": [615, 622, 623, 624, 625, 633, 638, 639, 640, 641, 649, 654, 655, 656, 657, 665, 670, 671, 672, 673, 681, 683, 684], "excluded_lines": [634, 650, 666, 682], "start_line": 606}, "SmartAdvisor._analyze_news_sentiment": {"executed_lines": [693, 694, 695, 696, 698, 699, 702, 703, 705, 708, 709, 711, 721, 722, 723, 724, 725, 726, 727, 739], "summary": {"covered_lines": 20, "num_statements": 26, "percent_covered": 76.92307692307692, "percent_covered_display": "77", "missing_lines": 6, "excluded_lines": 0, "percent_statements_covered": 76.92307692307692, "percent_statements_covered_display": "77"}, "missing_lines": [700, 706, 712, 728, 736, 737], "excluded_lines": [], "start_line": 691}, "SmartAdvisor.analyze_market_event_signals": {"executed_lines": [751, 753, 754, 756, 757, 758, 759, 760, 762, 763, 770, 778, 786, 787, 796, 797, 798], "summary": {"covered_lines": 17, "num_statements": 19, "percent_covered": 89.47368421052632, "percent_covered_display": "89", "missing_lines": 2, "excluded_lines": 0, "percent_statements_covered": 89.47368421052632, "percent_statements_covered_display": "89"}, "missing_lines": [771, 779], "excluded_lines": [], "start_line": 742}, "SmartAdvisor._analyze_margin_data": {"executed_lines": [811, 812, 814, 816, 818, 819, 820, 821, 823, 825, 826, 828, 829, 830, 832, 836, 837, 839, 840, 841, 843, 844, 846, 848, 849, 867, 869, 870, 890, 891, 892, 893, 894, 896, 897, 898, 914, 915, 916, 918, 919, 933, 934, 936], "summary": {"covered_lines": 44, "num_statements": 46, "percent_covered": 95.65217391304348, "percent_covered_display": "96", "missing_lines": 2, "excluded_lines": 0, "percent_statements_covered": 95.65217391304348, "percent_statements_covered_display": "96"}, "missing_lines": [833, 899], "excluded_lines": [], "start_line": 800}, "SmartAdvisor._analyze_institution_research": {"executed_lines": [951, 953, 955, 956, 964, 966, 967, 969, 972, 978, 982, 983, 984, 985, 986, 991, 1009, 1010, 1011, 1013, 1014, 1019, 1020, 1021, 1025, 1028, 1031, 1036, 1037, 1038, 1039, 1044, 1061, 1062, 1064], "summary": {"covered_lines": 35, "num_statements": 35, "percent_covered": 100.0, "percent_covered_display": "100", "missing_lines": 0, "excluded_lines": 0, "percent_statements_covered": 100.0, "percent_statements_covered_display": "100"}, "missing_lines": [], "excluded_lines": [], "start_line": 938}, "SmartAdvisor._query_recent_block_trades": {"executed_lines": [], "summary": {"covered_lines": 0, "num_statements": 6, "percent_covered": 0.0, "percent_covered_display": "0", "missing_lines": 6, "excluded_lines": 0, "percent_statements_covered": 0.0, "percent_statements_covered_display": "0"}, "missing_lines": [1070, 1071, 1079, 1080, 1081, 1082], "excluded_lines": [], "start_line": 1068}, "SmartAdvisor._query_margin_data": {"executed_lines": [1086, 1087, 1089, 1096, 1097, 1098, 1099], "summary": {"covered_lines": 7, "num_statements": 8, "percent_covered": 87.5, "percent_covered_display": "88", "missing_lines": 1, "excluded_lines": 0, "percent_statements_covered": 87.5, "percent_statements_covered_display": "88"}, "missing_lines": [1088], "excluded_lines": [], "start_line": 1084}, "SmartAdvisor._query_institution_research": {"executed_lines": [], "summary": {"covered_lines": 0, "num_statements": 6, "percent_covered": 0.0, "percent_covered_display": "0", "missing_lines": 6, "excluded_lines": 0, "percent_statements_covered": 0.0, "percent_statements_covered_display": "0"}, "missing_lines": [1103, 1104, 1111, 1112, 1113, 1114], "excluded_lines": [], "start_line": 1101}, "SmartAdvisor._analyze_block_trade": {"executed_lines": [1130, 1132, 1134, 1135, 1144, 1146, 1147, 1149, 1152, 1153, 1154, 1161, 1166, 1167, 1168, 1169, 1170, 1176, 1194, 1195, 1196, 1202, 1206, 1207, 1208, 1209, 1210, 1216, 1234, 1235, 1236, 1242, 1246, 1247, 1248, 1249, 1250, 1255, 1268, 1269, 1271], "summary": {"covered_lines": 41, "num_statements": 41, "percent_covered": 100.0, "percent_covered_display": "100", "missing_lines": 0, "excluded_lines": 0, "percent_statements_covered": 100.0, "percent_statements_covered_display": "100"}, "missing_lines": [], "excluded_lines": [], "start_line": 1116}, "": {"executed_lines": [4, 5, 6, 7, 8, 9, 10, 12, 15, 17, 18, 19, 20, 21, 24, 26, 27, 28, 31, 32, 34, 35, 36, 37, 38, 39, 40, 41, 44, 47, 51, 132, 199, 265, 337, 360, 395, 434, 486, 552, 606, 691, 742, 800, 938, 1068, 1084, 1101, 1116], "summary": {"covered_lines": 49, "num_statements": 49, "percent_covered": 100.0, "percent_covered_display": "100", "missing_lines": 0, "excluded_lines": 0, "percent_statements_covered": 100.0, "percent_statements_covered_display": "100"}, "missing_lines": [], "excluded_lines": [], "start_line": 1}}, "classes": {"AdviceType": {"executed_lines": [], "summary": {"covered_lines": 0, "num_statements": 0, "percent_covered": 100.0, "percent_covered_display": "100", "missing_lines": 0, "excluded_lines": 0, "percent_statements_covered": 100.0, "percent_statements_covered_display": "100"}, "missing_lines": [], "excluded_lines": [], "start_line": 15}, "AdvicePriority": {"executed_lines": [], "summary": {"covered_lines": 0, "num_statements": 0, "percent_covered": 100.0, "percent_covered_display": "100", "missing_lines": 0, "excluded_lines": 0, "percent_statements_covered": 100.0, "percent_statements_covered_display": "100"}, "missing_lines": [], "excluded_lines": [], "start_line": 24}, "InvestmentAdvice": {"executed_lines": [], "summary": {"covered_lines": 0, "num_statements": 0, "percent_covered": 100.0, "percent_covered_display": "100", "missing_lines": 0, "excluded_lines": 0, "percent_statements_covered": 100.0, "percent_statements_covered_display": "100"}, "missing_lines": [], "excluded_lines": [], "start_line": 32}, "SmartAdvisor": {"executed_lines": [48, 49, 54, 57, 58, 62, 63, 64, 67, 68, 72, 73, 77, 78, 84, 85, 91, 92, 93, 96, 97, 101, 102, 106, 107, 112, 113, 117, 118, 119, 122, 123, 124, 126, 127, 129, 130, 134, 135, 137, 138, 141, 142, 143, 201, 203, 204, 205, 206, 207, 210, 211, 228, 229, 230, 246, 247, 263, 267, 269, 335, 339, 340, 341, 343, 358, 363, 364, 367, 368, 369, 370, 373, 393, 488, 489, 490, 491, 493, 494, 497, 498, 500, 501, 502, 508, 509, 510, 511, 512, 514, 515, 516, 524, 525, 534, 535, 536, 547, 554, 555, 556, 557, 559, 560, 563, 564, 566, 567, 568, 583, 584, 601, 608, 609, 610, 611, 613, 614, 617, 618, 620, 621, 636, 637, 652, 653, 668, 669, 686, 693, 694, 695, 696, 698, 699, 702, 703, 705, 708, 709, 711, 721, 722, 723, 724, 725, 726, 727, 739, 751, 753, 754, 756, 757, 758, 759, 760, 762, 763, 770, 778, 786, 787, 796, 797, 798, 811, 812, 814, 816, 818, 819, 820, 821, 823, 825, 826, 828, 829, 830, 832, 836, 837, 839, 840, 841, 843, 844, 846, 848, 849, 867, 869, 870, 890, 891, 892, 893, 894, 896, 897, 898, 914, 915, 916, 918, 919, 933, 934, 936, 951, 953, 955, 956, 964, 966, 967, 969, 972, 978, 982, 983, 984, 985, 986, 991, 1009, 1010, 1011, 1013, 1014, 1019, 1020, 1021, 1025, 1028, 1031, 1036, 1037, 1038, 1039, 1044, 1061, 1062, 1064, 1086, 1087, 1089, 1096, 1097, 1098, 1099, 1130, 1132, 1134, 1135, 1144, 1146, 1147, 1149, 1152, 1153, 1154, 1161, 1166, 1167, 1168, 1169, 1170, 1176, 1194, 1195, 1196, 1202, 1206, 1207, 1208, 1209, 1210, 1216, 1234, 1235, 1236, 1242, 1246, 1247, 1248, 1249, 1250, 1255, 1268, 1269, 1271], "summary": {"covered_lines": 294, "num_statements": 452, "percent_covered": 65.04424778761062, "percent_covered_display": "65", "missing_lines": 158, "excluded_lines": 6, "percent_statements_covered": 65.04424778761062, "percent_statements_covered_display": "65"}, "missing_lines": [59, 69, 74, 79, 86, 87, 88, 98, 103, 108, 114, 145, 146, 147, 149, 150, 151, 152, 153, 156, 157, 159, 160, 163, 164, 165, 180, 181, 182, 197, 212, 248, 270, 273, 274, 275, 276, 277, 280, 281, 282, 283, 284, 287, 288, 289, 290, 291, 294, 295, 296, 297, 298, 300, 301, 302, 304, 305, 319, 320, 344, 374, 375, 377, 378, 397, 398, 410, 413, 416, 418, 436, 437, 439, 442, 443, 444, 445, 446, 447, 449, 457, 458, 460, 461, 462, 463, 465, 466, 467, 468, 469, 471, 472, 474, 476, 495, 544, 545, 561, 569, 570, 571, 572, 580, 585, 586, 587, 588, 596, 598, 599, 615, 622, 623, 624, 625, 633, 638, 639, 640, 641, 649, 654, 655, 656, 657, 665, 670, 671, 672, 673, 681, 683, 684, 700, 706, 712, 728, 736, 737, 771, 779, 833, 899, 1070, 1071, 1079, 1080, 1081, 1082, 1088, 1103, 1104, 1111, 1112, 1113, 1114], "excluded_lines": [581, 597, 634, 650, 666, 682], "start_line": 44}, "": {"executed_lines": [4, 5, 6, 7, 8, 9, 10, 12,
[...]
76, 277, 278, 290, 291, 292, 293, 301, 303, 304, 315, 316, 317, 318, 319, 320, 322, 324, 325, 333, 334, 335, 342, 343, 353, 354, 355, 362, 363, 364, 365, 373, 379, 383, 384, 385, 386, 387, 388, 389, 390, 391, 392, 393, 394, 395, 397, 400, 401, 402, 404, 406, 407, 408, 409, 411, 412, 421, 422, 424, 425, 426, 437, 444, 446, 447, 448, 449, 450, 455, 465, 468, 470, 471, 481, 482, 483, 484, 490, 492, 493, 496, 504, 506, 511, 578, 579, 582, 583, 584, 585, 586, 587, 588, 589, 590, 591, 593, 595, 596, 597, 598], "summary": {"covered_lines": 209, "num_statements": 278, "percent_covered": 75.17985611510791, "percent_covered_display": "75", "missing_lines": 69, "excluded_lines": 0, "percent_statements_covered": 75.17985611510791, "percent_statements_covered_display": "75"}, "missing_lines": [51, 62, 80, 107, 131, 132, 133, 134, 135, 136, 138, 142, 143, 144, 145, 146, 147, 148, 149, 151, 156, 157, 158, 159, 160, 169, 171, 172, 190, 191, 198, 201, 212, 214, 217, 219, 298, 323, 326, 327, 328, 329, 331, 515, 518, 519, 520, 521, 522, 523, 524, 525, 528, 533, 534, 535, 541, 546, 559, 562, 563, 564, 565, 568, 569, 570, 571, 572, 577], "excluded_lines": [], "functions": {"_render_news_panel": {"executed_lines": [21, 26, 36, 37, 38, 39, 40, 41, 42, 44, 45, 46, 47, 48, 49, 53, 55, 57, 58, 61, 64, 66, 77, 78, 81, 82, 83, 84, 89, 94, 109], "summary": {"covered_lines": 31, "num_statements": 35, "percent_covered": 88.57142857142857, "percent_covered_display": "89", "missing_lines": 4, "excluded_lines": 0, "percent_statements_covered": 88.57142857142857, "percent_statements_covered_display": "89"}, "missing_lines": [51, 62, 80, 107], "excluded_lines": [], "start_line": 19}, "_render_comprehensive_assessment": {"executed_lines": [114, 119, 122, 123, 128, 129, 130, 141, 153, 155, 163, 164, 165, 166, 167, 174, 176, 177, 178, 179, 180, 181, 182, 183, 184, 185, 186, 187, 188, 189, 192, 193, 194, 195, 196, 197, 199, 200, 202, 203, 204, 205, 208, 209, 210, 211, 213, 215, 216, 218, 220, 222, 223, 224, 231, 232, 233, 255, 262, 263, 268, 269, 275, 276, 277, 278, 290, 291, 292, 293], "summary": {"covered_lines": 70, "num_statements": 103, "percent_covered": 67.96116504854369, "percent_covered_display": "68", "missing_lines": 33, "excluded_lines": 0, "percent_statements_covered": 67.96116504854369, "percent_statements_covered_display": "68"}, "missing_lines": [131, 132, 133, 134, 135, 136, 138, 142, 143, 144, 145, 146, 147, 148, 149, 151, 156, 157, 158, 159, 160, 169, 171, 172, 190, 191, 198, 201, 212, 214, 217, 219, 298], "excluded_lines": [], "start_line": 112}, "_render_market_sentiment": {"executed_lines": [303, 304, 315, 316, 317, 318, 319, 320, 322, 324, 325, 333, 334, 335, 342, 343, 353, 354, 355, 362, 363, 364, 365, 373, 379, 383, 384, 385, 386, 387, 388, 389, 390, 391, 392, 393, 394, 395, 397, 400, 401, 402, 404, 406, 407, 408, 409, 411, 412, 421, 422, 424, 425, 426, 437, 444, 446, 447, 448, 449, 450, 455, 465], "summary": {"covered_lines": 63, "num_statements": 69, "percent_covered": 91.30434782608695, "percent_covered_display": "91", "missing_lines": 6, "excluded_lines": 0, "percent_statements_covered": 91.30434782608695, "percent_statements_covered_display": "91"}, "missing_lines": [323, 326, 327, 328, 329, 331], "excluded_lines": [], "start_line": 301}, "_render_news_sentiment": {"executed_lines": [470, 471, 481, 482, 483, 484, 490, 492, 493, 496, 504, 506, 511, 578, 579], "summary": {"covered_lines": 15, "num_statements": 41, "percent_covered": 36.58536585365854, "percent_covered_display": "37", "missing_lines": 26, "excluded_lines": 0, "percent_statements_covered": 36.58536585365854, "percent_statements_covered_display": "37"}, "missing_lines": [515, 518, 519, 520, 521, 522, 523, 524, 525, 528, 533, 534, 535, 541, 546, 559, 562, 563, 564, 565, 568, 569, 570, 571, 572, 577], "excluded_lines": [], "start_line": 468}, "render_tab7": {"executed_lines": [583, 584, 585, 586, 587, 588, 589, 590, 591, 593, 595, 596, 597, 598], "summary": {"covered_lines": 14, "num_statements": 14, "percent_covered": 100.0, "percent_covered_display": "100", "missing_lines": 0, "excluded_lines": 0, "percent_statements_covered": 100.0, "percent_statements_covered_display": "100"}, "missing_lines": [], "excluded_lines": [], "start_line": 582}, "": {"executed_lines": [5, 6, 7, 8, 9, 10, 11, 12, 13, 14, 15, 19, 112, 301, 468, 582], "summary": {"covered_lines": 16, "num_statements": 16, "percent_covered": 100.0, "percent_covered_display": "100", "missing_lines": 0, "excluded_lines": 0, "percent_statements_covered": 100.0, "percent_statements_covered_display": "100"}, "missing_lines": [], "excluded_lines": [], "start_line": 1}}, "classes": {"": {"executed_lines": [5, 6, 7, 8, 9, 10, 11, 12, 13, 14, 15, 19, 21, 26, 36, 37, 38, 39, 40, 41, 42, 44, 45, 46, 47, 48, 49, 53, 55, 57, 58, 61, 64, 66, 77, 78, 81, 82, 83, 84, 89, 94, 109, 112, 114, 119, 122, 123, 128, 129, 130, 141, 153, 155, 163, 164, 165, 166, 167, 174, 176, 177, 178, 179, 180, 181, 182, 183, 184, 185, 186, 187, 188, 189, 192, 193, 194, 195, 196, 197, 199, 200, 202, 203, 204, 205, 208, 209, 210, 211, 213, 215, 216, 218, 220, 222, 223, 224, 231, 232, 233, 255, 262, 263, 268, 269, 275, 276, 277, 278, 290, 291, 292, 293, 301, 303, 304, 315, 316, 317, 318, 319, 320, 322, 324, 325, 333, 334, 335, 342, 343, 353, 354, 355, 362, 363, 364, 365, 373, 379, 383, 384, 385, 386, 387, 388, 389, 390, 391, 392, 393, 394, 395, 397, 400, 401, 402, 404, 406, 407, 408, 409, 411, 412, 421, 422, 424, 425, 426, 437, 444, 446, 447, 448, 449, 450, 455, 465, 468, 470, 471, 481, 482, 483, 484, 490, 492, 493, 496, 504, 506, 511, 578, 579, 582, 583, 584, 585, 586, 587, 588, 589, 590, 591, 593, 595, 596, 597, 598], "summary": {"covered_lines": 209, "num_statements": 278, "percent_covered": 75.17985611510791, "percent_covered_display": "75", "missing_lines": 69, "excluded_lines": 0, "percent_statements_covered": 75.17985611510791, "percent_statements_covered_display": "75"}, "missing_lines": [51, 62, 80, 107, 131, 132, 133, 134, 135, 136, 138, 142, 143, 144, 145, 146, 147, 148, 149, 151, 156, 157, 158, 159, 160, 169, 171, 172, 190, 191, 198, 201, 212, 214, 217, 219, 298, 323, 326, 327, 328, 329, 331, 515, 518, 519, 520, 521, 522, 523, 524, 525, 528, 533, 534, 535, 541, 546, 559, 562, 563, 564, 565, 568, 569, 570, 571, 572, 577], "excluded_lines": [], "start_line": 1}}}, "tabs\\tab8_advice.py": {"executed_lines": [5, 6, 7, 8, 9, 10, 11, 12, 13, 14, 15, 16, 20, 21, 22, 23, 24, 25, 31, 32, 41, 42, 44, 45, 46, 47, 48, 49, 50, 52, 53, 55, 58, 59, 60, 63, 64, 65, 66, 67, 68, 69, 72, 73, 74, 77, 78, 81, 82, 83, 84, 88, 89, 90, 91, 92, 93, 98, 99, 100, 101, 102, 107, 108, 111, 116, 117, 120, 121, 122, 125, 126, 127, 128, 129, 130, 133, 134, 137, 138, 139, 140, 141, 142, 143, 144, 145, 147, 148, 150, 169, 170, 171, 173, 178, 179, 180, 182, 183, 184, 185, 186, 187, 191, 197, 199, 200, 202, 204, 213, 219, 221, 223, 224, 253, 260, 263, 265, 270, 271, 272, 273, 274, 276, 277, 278, 279, 281, 282, 284, 306, 309, 311, 312, 317, 318, 319, 320, 321, 322, 323, 324, 327, 328, 329, 330, 331, 334, 335, 341, 344, 345, 346, 347, 348, 349, 350, 351, 354, 355, 356, 357, 366, 368, 373, 375, 376, 381, 382, 383, 401, 402, 424, 426, 427, 435, 436, 437, 444, 446, 448, 449, 450, 451, 452, 453, 454, 455, 456, 459, 460, 467, 468, 472, 475, 476, 477, 481, 483, 484, 485, 486, 487, 488, 490, 491, 492, 494, 495, 498, 499, 500, 501, 502, 503, 508, 524, 525, 529, 530, 531, 533, 536, 537, 538, 539, 542, 545, 546, 552, 555, 556, 557, 558, 559, 561, 564, 565, 566, 567, 568, 569, 570, 571, 572, 573, 574, 576, 578, 579, 580, 581, 582, 584, 586, 587, 588], "summary": {"covered_lines": 257, "num_statements": 321, "percent_covered": 80.06230529595015, "percent_covered_display": "80", "missing_lines": 64, "excluded_lines": 1, "percent_statements_covered": 80.06230529595015, "percent_statements_covered_display": "80"}, "missing_lines": [27, 29, 30, 54, 70, 71, 79, 80, 94, 95, 103, 104, 109, 110, 112, 113, 118, 119, 135, 136, 275, 307, 358, 359, 361, 362, 363, 369, 370, 384, 385, 387, 388, 389, 390, 391, 399, 400, 403, 404, 406, 407, 408, 409, 410, 411, 419, 420, 509, 510, 511, 512, 516, 517, 518, 519, 520, 521, 523, 547, 548, 549, 562, 563], "excluded_lines": [85], "functions": {"_render_suggestions_compute": {"executed_lines": [21, 22, 23, 24, 25, 31, 32, 41, 42, 44, 45, 46, 47, 48, 49, 50, 52, 53, 55, 58, 59, 60, 63, 64, 65, 66, 67, 68, 69, 72, 73, 74, 77, 78, 81, 82, 83, 84, 88, 89, 90, 91, 92, 93, 98, 99, 100, 101, 102, 107, 108, 111, 116, 117, 120, 121, 122, 125, 126, 127, 128, 129, 130, 133, 134, 137, 138, 139, 140, 141, 142, 143, 144, 145, 147, 148, 150, 169, 170], "summary": {"covered_lines": 79, "num_statements": 99, "percent_covered": 79.79797979797979, "percent_covered_display": "80", "missing_lines": 20, "excluded_lines": 1, "percent_statements_covered": 79.79797979797979, "percent_statements_covered_display": "80"}, "missing_lines": [27, 29, 30, 54, 70, 71, 79, 80, 94, 95, 103, 104, 109, 110, 112, 113, 118, 119, 135, 136], "excluded_lines": [85], "start_line": 20}, "_render_suggestion_cards": {"executed_lines": [173, 178, 179, 180, 182, 183, 184, 185, 186, 187, 191], "summary": {"covered_lines": 11, "num_statements": 11, "percent_covered": 100.0, "percent_covered_display": "100", "missing_lines": 0, "excluded_lines": 0, "percent_statements_covered": 100.0, "percent_statements_covered_display": "100"}, "missing_lines": [], "excluded_lines": [], "start_line": 171}, "_render_suggestion_pie": {"executed_lines": [199, 200, 202, 204, 213, 219, 221, 223, 224, 253, 260], "summary": {"covered_lines": 11, "num_statements": 11, "percent_covered": 100.0, "percent_covered_display": "100", "missing_lines": 0, "excluded_lines": 0, "percent_statements_covered": 100.0, "percent_statements_covered_display": "100"}, "missing_lines": [], "excluded_lines": [], "start_line": 197}, "_render_suggestion_details": {"executed_lines": [265, 270, 271, 272, 273, 274, 276, 277, 278, 279, 281, 282, 284, 306], "summary": {"covered_lines": 14, "num_statements": 16, "percent_covered": 87.5, "percent_covered_display": "88", "missing_lines": 2, "excluded_lines": 0, "percent_statements_covered": 87.5, "percent_statements_covered_display": "88"}, "missing_lines": [275, 307], "excluded_lines": [], "start_line": 263}, "_render_market_events": {"executed_lines": [311, 312, 317, 318, 319, 320, 321, 322, 323, 324, 327, 328, 329, 330, 331, 334, 335, 341, 344, 345, 346, 347, 348, 349, 350, 351, 354, 355, 356, 357, 366, 368], "summary": {"covered_lines": 32, "num_statements": 39, "percent_covered": 82.05128205128206, "percent_covered_display": "82", "missing_lines": 7, "excluded_lines": 0, "percent_statements_covered": 82.05128205128206, "percent_statements_covered_display": "82"}, "missing_lines": [358, 359, 361, 362, 363, 369, 370], "excluded_lines": [], "start_line": 309}, "_render_data_export": {"executed_lines": [375, 376, 381, 382, 383, 401, 402], "summary": {"covered_lines": 7, "num_statements": 26, "percent_covered": 26.923076923076923, "percent_covered_display": "27", "missing_lines": 19, "excluded_lines": 0, "percent_statements_covered": 26.923076923076923, "percent_statements_covered_display": "27"}, "missing_lines": [384, 385, 387, 388, 389, 390, 391, 399, 400, 403, 404, 406, 407, 408, 409, 410, 411, 419, 420], "excluded_lines": [], "start_line": 373}, "_render_feedback_tracking": {"executed_lines": [426, 427, 435, 436, 437, 444, 446, 448, 449, 450, 451, 452, 453, 454, 455, 456, 459, 460, 467, 468, 472, 475, 476, 477, 481, 483, 484, 485, 486, 487, 488, 490, 491, 492, 494, 495, 498, 499, 500, 501, 502, 503, 508, 524, 525, 529, 530, 531, 533, 536, 537, 538, 539, 542, 545, 546, 552, 555, 556, 557, 558, 559, 561], "summary": {"covered_lines": 63, "num_statements": 79, "percent_covered": 79.74683544303798, "percent_covered_display": "80", "missing_lines": 16, "excluded_lines": 0, "percent_statements_covered": 79.74683544303798, "percent_statements_covered_display": "80"}, "missing_lines": [509, 510, 511, 512, 516, 517, 518, 519, 520, 521, 523, 547, 548, 549, 562, 563], "excluded_lines": [], "start_line": 424}, "render_tab8": {"executed_lines": [565, 566, 567, 568, 569, 570, 571, 572, 573, 574, 576, 578, 579, 580, 581, 582, 584, 586, 587, 588], "summary": {"covered_lines": 20, "num_statements": 20, "percent_covered": 100.0, "percent_covered_display": "100", "missing_lines": 0, "excluded_lines": 0, "percent_statements_covered": 100.0, "percent_statements_covered_display": "100"}, "missing_lines": [], "excluded_lines": [], "start_line": 564}, "": {"executed_lines": [5, 6, 7, 8, 9, 10, 11, 12, 13, 14, 15, 16, 20, 171, 197, 263, 309, 373, 424, 564], "summary": {"covered_lines": 20, "num_statements": 20, "percent_covered": 100.0, "percent_covered_display": "100", "missing_lines": 0, "excluded_lines": 0, "percent_statements_covered": 100.0, "percent_statements_covered_display": "100"}, "missing_lines": [], "excluded_lines": [], "start_line": 1}}, "classes": {"": {"executed_lines": [5, 6, 7, 8, 9, 10, 11, 12, 13, 14, 15, 16, 20, 21, 22, 23, 24, 25, 31, 32, 41, 42, 44, 45, 46, 47, 48, 49, 50, 52, 53, 55, 58, 59, 60, 63, 64, 65, 66, 67, 68, 69, 72, 73, 74, 77, 78, 81, 82, 83, 84, 88, 89, 90, 91, 92, 93, 98, 99, 100, 101, 102, 107, 108, 111, 116, 117, 120, 121, 122, 125, 126, 127, 128, 129, 130, 133, 134, 137, 138, 139, 140, 141, 142, 143, 144, 145, 147, 148, 150, 169, 170, 171, 173, 178, 179, 180, 182, 183, 184, 185, 186, 187, 191, 197, 199, 200, 202, 204, 213, 219, 221, 223, 224, 253, 260, 263, 265, 270, 271, 272, 273, 274, 276, 277, 278, 279, 281, 282, 284, 306, 309, 311, 312, 317, 318, 319, 320, 321, 322, 323, 324, 327, 328, 329, 330, 331, 334, 335, 341, 344, 345, 346, 347, 348, 349, 350, 351, 354, 355, 356, 357, 366, 368, 373, 375, 376, 381, 382, 383, 401, 402, 424, 426, 427, 435, 436, 437, 444, 446, 448, 449, 450, 451, 452, 453, 454, 455, 456, 459, 460, 467, 468, 472, 475, 476, 477, 481, 483, 484, 485, 486, 487, 488, 490, 491, 492, 494, 495, 498, 499, 500, 501, 502, 503, 508, 524, 525, 529, 530, 531, 533, 536, 537, 538, 539, 542, 545, 546, 552, 555, 556, 557, 558, 559, 561, 564, 565, 566, 567, 568, 569, 570, 571, 572, 573, 574, 576, 578, 579, 580, 581, 582, 584, 586, 587, 588], "summary": {"covered_lines": 257, "num_statements": 321, "percent_covered": 80.06230529595015, "percent_covered_display": "80", "missing_lines": 64, "excluded_lines": 1, "percent_statements_covered": 80.06230529595015, "percent_statements_covered_display": "80"}, "missing_lines": [27, 29, 30, 54, 70, 71, 79, 80, 94, 95, 103, 104, 109, 110, 112, 113, 118, 119, 135, 136, 275, 307, 358, 359, 361, 362, 363, 369, 370, 384, 385, 387, 388, 389, 390, 391, 399, 400, 403, 404, 406, 407, 408, 409, 410, 411, 419, 420, 509, 510, 511, 512, 516, 517, 518, 519, 520, 521, 523, 547, 548, 549, 562, 563], "excluded_lines": [85], "start_line": 1}}}, "tabs\\tab9_custom.py": {"executed_lines": [5, 6, 7, 8, 9, 10, 11, 15, 16, 17, 22, 23, 29, 30, 31, 32, 35, 36, 37, 38, 44, 45, 46, 47, 48, 50, 125, 126, 127, 132, 133, 139, 140, 141, 142, 147, 148, 150, 151, 152, 164, 166, 167, 171, 173, 175, 177, 178, 180, 183, 184, 186, 187, 188, 189, 190, 192, 193, 194, 198, 199, 200, 201, 203, 205, 219, 220, 221, 222, 223, 224, 225, 226, 227, 235, 244, 250, 251, 252, 256, 257, 258, 259, 268, 269, 272, 273, 274, 275, 277, 281, 282, 287, 290, 292, 293, 294, 295, 296, 299, 301, 302, 303, 304, 305, 306, 307, 311, 312, 313, 314, 315, 316, 317, 318, 319, 320, 321, 323, 325, 330, 332, 333, 334], "summary": {"covered_lines": 124, "num_statements": 169, "percent_covered": 73.37278106508876, "percent_covered_display": "73", "missing_lines": 45, "excluded_lines": 0, "percent_statements_covered": 73.37278106508876, "percent_statements_covered_display": "73"}, "missing_lines": [40, 41, 51, 52, 53, 54, 56, 58, 59, 62, 63, 64, 65, 66, 67, 68, 69, 70, 71, 72, 73, 75, 82, 83, 84, 88, 89, 92, 93, 94, 97, 98, 108, 109, 120, 122, 123, 144, 145, 246, 247, 248, 270, 308, 309], "excluded_lines": [], "functions": {"_render_indicator_backtest": {"executed_lines": [16, 17, 22, 23, 29, 30, 31, 32, 35, 36, 37, 38, 44, 45, 46, 47, 48, 50], "summary": {"covered_lines": 18, "num_statements": 55, "percent_covered": 32.72727272727273, "percent_covered_display": "33", "missing_lines": 37, "excluded_lines": 0, "percent_statements_covered": 32.72727272727273, "percent_statements_covered_display": "33"}, "missing_lines": [40, 41, 51, 52, 53, 54, 56, 58, 59, 62, 63, 64, 65, 66, 67, 68, 69, 70, 71, 72, 73, 75, 82, 83, 84, 88, 89, 92, 93, 94, 97, 98, 108, 109, 120, 122, 123], "excluded_lines": [], "start_line": 15}, "_render_candlestick_patterns": {"executed_lines": [126, 127, 132, 133, 139, 140, 141, 142, 147, 148, 150, 151, 152, 164, 166, 167, 171, 173, 175, 177, 178, 180, 183, 184, 186, 187, 188, 189, 190, 192, 193, 194, 198, 199, 200, 201, 203, 205, 219, 220, 221, 222, 223, 224, 225, 226, 227, 235, 244], "summary": {"covered_lines": 49, "num_statements": 54, "percent_covered": 90.74074074074075, "percent_covered_display": "91", "missing_lines": 5, "excluded_lines": 0, "percent_statements_covered": 90.74074074074075, "percent_statements_covered_display": "91"}, "missing_lines": [144, 145, 246, 247, 248], "excluded_lines": [], "start_line": 125}, "_render_backtest_history": {"executed_lines": [251, 252, 256, 257, 258, 259, 268, 269, 272, 273, 274, 275, 277, 281, 282, 287, 290, 292, 293, 294, 295, 296, 299, 301, 302, 303, 304, 305, 306, 307], "summary": {"covered_lines": 30, "num_statements": 33, "percent_covered": 90.9090909090909, "percent_covered_display": "91", "missing_lines": 3, "excluded_lines": 0, "percent_statements_covered": 90.9090909090909, "percent_statements_covered_display": "91"}, "missing_lines": [270, 308, 309], "excluded_lines": [], "start_line": 250}, "render_tab9": {"executed_lines": [312, 313, 314, 315, 316, 317, 318, 319, 320, 321, 323, 325, 330, 332, 333, 334], "summary": {"covered_lines": 16, "num_statements": 16, "percent_covered": 100.0, "percent_covered_display": "100", "missing_lines": 0, "excluded_lines": 0, "percent_statements_covered": 100.0, "percent_statements_covered_display": "100"}, "missing_lines": [], "excluded_lines": [], "start_line": 311}, "": {"executed_lines": [5, 6, 7, 8, 9, 10, 11, 15, 125, 250, 311], "summary": {"covered_lines": 11, "num_statements": 11, "percent_covered": 100.0, "percent_covered_display": "100", "missing_lines": 0, "excluded_lines": 0, "percent_statements_covered": 100.0, "percent_statements_covered_display": "100"}, "missing_lines": [], "excluded_lines": [], "start_line": 1}}, "classes": {"": {"executed_lines": [5, 6, 7, 8, 9, 10, 11, 15, 16, 17, 22, 23, 29, 30, 31, 32, 35, 36, 37, 38, 44, 45, 46, 47, 48, 50, 125, 126, 127, 132, 133, 139, 140, 141, 142, 147, 148, 150, 151, 152, 164, 166, 167, 171, 173, 175, 177, 178, 180, 183, 184, 186, 187, 188, 189, 190, 192, 193, 194, 198, 199, 200, 201, 203, 205, 219, 220, 221, 222, 223, 224, 225, 226, 227, 235, 244, 250, 251, 252, 256, 257, 258, 259, 268, 269, 272, 273, 274, 275, 277, 281, 282, 287, 290, 292, 293, 294, 295, 296, 299, 301, 302, 303, 304, 305, 306, 307, 311, 312, 313, 314, 315, 316, 317, 318, 319, 320, 321, 323, 325, 330, 332, 333, 334], "summary": {"covered_lines": 124, "num_statements": 169, "percent_covered": 73.37278106508876, "percent_covered_display": "73", "missing_lines": 45, "excluded_lines": 0, "percent_statements_covered": 73.37278106508876, "percent_statements_covered_display": "73"}, "missing_lines": [40, 41, 51, 52, 53, 54, 56, 58, 59, 62, 63, 64, 65, 66, 67, 68, 69, 70, 71, 72, 73, 75, 82, 83, 84, 88, 89, 92, 93, 94, 97, 98, 108, 109, 120, 122, 123, 144, 145, 246, 247, 248, 270, 308, 309], "excluded_lines": [], "start_line": 1}}}}, "totals": {"covered_lines": 6427, "num_statements": 12693, "percent_covered": 50.634207831088, "percent_covered_display": "51", "missing_lines": 6266, "excluded_lines": 70, "percent_statements_covered": 50.634207831088, "percent_statements_covered_display": "51"}}